[0m[[0m[0mdebug[0m] [0m[0m> Exec(run, Some(8b5cd139-0f28-4fc1-9799-cc42dab4bf16), Some(CommandSource(console0)))[0m
[0m[[0m[0mdebug[0m] [0m[0mEvaluating tasks: Compile / run[0m
[0m[[0m[0mdebug[0m] [0m[0mRunning task... Cancel: Signal, check cycles: false, forcegc: true[0m
[0m[[0m[0minfo[0m] [0m[0mcompiling 6 Scala sources to /home/bsoleille/gitea/project-effective-scala-c1-s14-3039-4085/target/scala-3.3.1/classes ...[0m
[0m[[0m[31merror[0m] [0m[0m[31m[31m-- [E008] Not Found Error: /home/bsoleille/gitea/project-effective-scala-c1-s14-3039-4085/src/main/scala/app/App.scala:3:16 [0m[0m[0m
[0m[[0m[31merror[0m] [0m[0m[31m3 |[0m[33mimport[0m startup.{runComputation, runComputation2, myStart, Arg}[0m
[0m[[0m[31merror[0m] [0m[0m[31m[31m  |[0m                ^^^^^^^^^^^^^^[0m[0m
[0m[[0m[31merror[0m] [0m[0m[31m  |[0m                value runComputation is not a member of startup[0m
[0m[[0m[31merror[0m] [0m[0m[31m[31m-- [E008] Not Found Error: /home/bsoleille/gitea/project-effective-scala-c1-s14-3039-4085/src/main/scala/app/App.scala:3:32 [0m[0m[0m
[0m[[0m[31merror[0m] [0m[0m[31m3 |[0m[33mimport[0m startup.{runComputation, runComputation2, myStart, Arg}[0m
[0m[[0m[31merror[0m] [0m[0m[31m[31m  |[0m                                ^^^^^^^^^^^^^^^[0m[0m
[0m[[0m[31merror[0m] [0m[0m[31m  |[0m                          value runComputation2 is not a member of startup[0m
[0m[[0m[31merror[0m] [0m[0m[31m[31m-- [E008] Not Found Error: /home/bsoleille/gitea/project-effective-scala-c1-s14-3039-4085/src/main/scala/app/App.scala:3:49 [0m[0m[0m
[0m[[0m[31merror[0m] [0m[0m[31m3 |[0m[33mimport[0m startup.{runComputation, runComputation2, myStart, Arg}[0m
[0m[[0m[31merror[0m] [0m[0m[31m[31m  |[0m                                                 ^^^^^^^[0m[0m
[0m[[0m[31merror[0m] [0m[0m[31m  |[0m                                  value myStart is not a member of startup[0m
[0m[[0m[31merror[0m] [0m[0m[31m[31m-- [E008] Not Found Error: /home/bsoleille/gitea/project-effective-scala-c1-s14-3039-4085/src/main/scala/app/App.scala:3:58 [0m[0m[0m
[0m[[0m[31merror[0m] [0m[0m[31m3 |[0m[33mimport[0m startup.{runComputation, runComputation2, myStart, Arg}[0m
[0m[[0m[31merror[0m] [0m[0m[31m[31m  |[0m                                                          ^^^[0m[0m
[0m[[0m[31merror[0m] [0m[0m[31m  |[0m                                      value Arg is not a member of startup[0m
[0m[[0m[31merror[0m] [0m[0m[31m[31m-- [E006] Not Found Error: /home/bsoleille/gitea/project-effective-scala-c1-s14-3039-4085/src/main/scala/app/App.scala:14:21 [0m[0m[0m
[0m[[0m[31merror[0m] [0m[0m[31m14 |[0m    [31m"Hello World!"[0m + runComputation2()[0m
[0m[[0m[31merror[0m] [0m[0m[31m[31m   |[0m                     ^^^^^^^^^^^^^^^[0m[0m
[0m[[0m[31merror[0m] [0m[0m[31m   |[0m                     Not found: runComputation2[0m
[0m[[0m[31merror[0m] [0m[0m[31m   |[0m[0m
[0m[[0m[31merror[0m] [0m[0m[31m   |[0m longer explanation available when compiling with `-explain`[0m
[0m[[0m[31merror[0m] [0m[0m[31m[31m-- [E008] Not Found Error: /home/bsoleille/gitea/project-effective-scala-c1-s14-3039-4085/src/main/scala/app/App.scala:50:39 [0m[0m[0m
[0m[[0m[31merror[0m] [0m[0m[31m50 |[0m    [33mval[0m [36mmyStartInstance[0m = read[startup.myStart](arg)[0m
[0m[[0m[31merror[0m] [0m[0m[31m[31m   |[0m                               ^^^^^^^^^^^^^^^[0m[0m
[0m[[0m[31merror[0m] [0m[0m[31m   |[0m                               type myStart is not a member of startup[0m
[0m[[0m[31merror[0m] [0m[0m[31m[31m-- [E008] Not Found Error: /home/bsoleille/gitea/project-effective-scala-c1-s14-3039-4085/src/main/scala/app/App.scala:57:37 [0m[0m[0m
[0m[[0m[31merror[0m] [0m[0m[31m57 |[0m    [33mval[0m [36mmyAstInstance[0m = read[startup.Expression[[35mInt[0m]](argast)[0m
[0m[[0m[31merror[0m] [0m[0m[31m[31m   |[0m                             ^^^^^^^^^^^^^^^^^^[0m[0m
[0m[[0m[31merror[0m] [0m[0m[31m   |[0mtype Expression is not a member of startup, but could be made available as an extension method.[0m
[0m[[0m[31merror[0m] [0m[0m[31m   |[0m[0m
[0m[[0m[31merror[0m] [0m[0m[31m   |[0mThe following import might make progress towards fixing the problem:[0m
[0m[[0m[31merror[0m] [0m[0m[31m   |[0m[0m
[0m[[0m[31merror[0m] [0m[0m[31m   |[0m  import sourcecode.Text.generate[0m
[0m[[0m[31merror[0m] [0m[0m[31m   |[0m[0m
[0m[[0m[31merror[0m] [0m[0m[31m[31m-- [E008] Not Found Error: /home/bsoleille/gitea/project-effective-scala-c1-s14-3039-4085/src/main/scala/app/App.scala:58:25 [0m[0m[0m
[0m[[0m[31merror[0m] [0m[0m[31m58 |[0m    [33mval[0m [36mresult[0m = startup.Expression.evaluate(myAstInstance)[0m
[0m[[0m[31merror[0m] [0m[0m[31m[31m   |[0m                 ^^^^^^^^^^^^^^^^^^[0m[0m
[0m[[0m[31merror[0m] [0m[0m[31m   |[0mvalue Expression is not a member of startup, but could be made available as an extension method.[0m
[0m[[0m[31merror[0m] [0m[0m[31m   |[0m[0m
[0m[[0m[31merror[0m] [0m[0m[31m   |[0mThe following import might make progress towards fixing the problem:[0m
[0m[[0m[31merror[0m] [0m[0m[31m   |[0m[0m
[0m[[0m[31merror[0m] [0m[0m[31m   |[0m  import sourcecode.Text.generate[0m
[0m[[0m[31merror[0m] [0m[0m[31m   |[0m[0m
[0m[[0m[31merror[0m] [0m[0m8 errors found[0m
[0m[[0m[31merror[0m] [0m[0m(Compile / [31mcompileIncremental[0m) Compilation failed[0m
[0m[[0m[31merror[0m] [0m[0mTotal time: 5 s, completed Nov 27, 2023, 3:27:45 PM[0m
[0m[[0m[0mdebug[0m] [0m[0m> Exec(shell, None, None)[0m
