[0m[[0m[0mdebug[0m] [0m[0m> Exec(early(addDefaultCommands), None, None)[0m
[0m[[0m[0mdebug[0m] [0m[0m> Exec(addDefaultCommands, None, None)[0m
[0m[[0m[0mdebug[0m] [0m[0m> Exec(early(initialize), None, None)[0m
[0m[[0m[0mdebug[0m] [0m[0m> Exec(initialize, None, None)[0m
[0m[[0m[0mdebug[0m] [0m[0m> Exec(boot, None, None)[0m
[0m[[0m[0mdebug[0m] [0m[0m> Exec(writeSbtVersion, None, None)[0m
[0m[[0m[0mdebug[0m] [0m[0m> Exec(reload, None, None)[0m
[0m[[0m[0mdebug[0m] [0m[0m> Exec(sbtStashOnFailure, None, None)[0m
[0m[[0m[0mdebug[0m] [0m[0m> Exec(onFailure loadFailed, None, None)[0m
[0m[[0m[0mdebug[0m] [0m[0m> Exec(loadp, None, None)[0m
[0m[[0m[0minfo[0m] [0m[0mwelcome to sbt 1.9.6 (Eclipse Adoptium Java 11.0.20)[0m
[0m[[0m[0mdebug[0m] [0m[0mLoad.defaultLoad until apply took 118.911954ms[0m
[0m[[0m[0mdebug[0m] [0m[0m                Load.loadUnit: plugins took 57.414192ms[0m
[0m[[0m[0mdebug[0m] [0m[0m                Load.loadUnit: defsScala took 0.240499ms[0m
[0m[[0m[0mdebug[0m] [0m[0m[Loading] Scanning directory /home/bsoleille/gitea/project-effective-scala-c1-s14-3039-4085/project/project[0m
[0m[[0m[0mdebug[0m] [0m[0m                  Load.loadUnit: mkEval took 5.755521ms[0m
[0m[[0m[0mdebug[0m] [0m[0m[Loading] Found non-root projects [0m
[0m[[0m[0mdebug[0m] [0m[0m[Loading] Done in /home/bsoleille/gitea/project-effective-scala-c1-s14-3039-4085/project/project, returning: ()[0m
[0m[[0m[0mdebug[0m] [0m[0mdeducing auto plugins based on known facts Set(Atom(sbt.plugins.CorePlugin)) and clauses Clauses(Clause(Atom(sbt.plugins.JvmPlugin),Set(Atom(sbt.plugins.IvyPlugin)))[0m
[0m[[0m[0mdebug[0m] [0m[0mClause(Atom(sbt.ScriptedPlugin),Set(Atom(sbt.plugins.JvmPlugin)))[0m
[0m[[0m[0mdebug[0m] [0m[0mClause(Atom(sbt.plugins.SbtPlugin),Set(Atom(sbt.ScriptedPlugin)))[0m
[0m[[0m[0mdebug[0m] [0m[0mClause(Atom(sbt.plugins.SemanticdbPlugin),Set(Atom(sbt.plugins.JvmPlugin)))[0m
[0m[[0m[0mdebug[0m] [0m[0mClause(Atom(sbt.plugins.JUnitXmlReportPlugin),Set(Atom(sbt.plugins.JvmPlugin)))[0m
[0m[[0m[0mdebug[0m] [0m[0mClause(Atom(sbt.plugins.MiniDependencyTreePlugin),Set(Atom(sbt.plugins.JvmPlugin)))[0m
[0m[[0m[0mdebug[0m] [0m[0mClause(Atom(sbt.plugins.CorePlugin),Set(Atom(sbt.plugins.IvyPlugin)))[0m
[0m[[0m[0mdebug[0m] [0m[0mClause(Atom(sbt.plugins.IvyPlugin),Set(Atom(sbt.plugins.JvmPlugin)))[0m
[0m[[0m[0mdebug[0m] [0m[0mClause(Atom(sbt.plugins.JvmPlugin),Set(Atom(sbt.plugins.SemanticdbPlugin)))[0m
[0m[[0m[0mdebug[0m] [0m[0mClause(Atom(sbt.plugins.JvmPlugin),Set(Atom(sbt.plugins.JUnitXmlReportPlugin)))[0m
[0m[[0m[0mdebug[0m] [0m[0mClause(Atom(sbt.plugins.CorePlugin),Set(Atom(sbt.plugins.Giter8TemplatePlugin)))[0m
[0m[[0m[0mdebug[0m] [0m[0mClause(Atom(sbt.plugins.JvmPlugin),Set(Atom(sbt.plugins.MiniDependencyTreePlugin))))[0m
[0m[[0m[0mdebug[0m] [0m[0m  :: deduced result: Matched(sbt.plugins.CorePlugin,sbt.plugins.Giter8TemplatePlugin,sbt.plugins.IvyPlugin,sbt.plugins.JvmPlugin,sbt.plugins.MiniDependencyTreePlugin,sbt.plugins.JUnitXmlReportPlugin,sbt.plugins.SemanticdbPlugin)[0m
[0m[[0m[0mdebug[0m] [0m[0mPlugins.deducer#function took 7.274212 ms[0m
[0m[[0m[0minfo[0m] [0m[0mloading settings for project project-effective-scala-c1-s14-3039-4085-build-build from metals.sbt ...[0m
[0m[[0m[0mdebug[0m] [0m[0m                    Load.resolveProject(project-effective-scala-c1-s14-3039-4085-build-build) took 24.447561ms[0m
[0m[[0m[0mdebug[0m] [0m[0m                  Load.loadTransitive: finalizeProject(Project(id project-effective-scala-c1-s14-3039-4085-build-build, base: /home/bsoleille/gitea/project-effective-scala-c1-s14-3039-4085/project/project, plugins: List(<none>))) took 45.58484ms[0m
[0m[[0m[0mdebug[0m] [0m[0m[Loading] Done in /home/bsoleille/gitea/project-effective-scala-c1-s14-3039-4085/project/project, returning: (project-effective-scala-c1-s14-3039-4085-build-build)[0m
[0m[[0m[0mdebug[0m] [0m[0m                Load.loadUnit: loadedProjectsRaw took 285.675139ms[0m
[0m[[0m[0mdebug[0m] [0m[0m                Load.loadUnit: cleanEvalClasses took 3.31999ms[0m
[0m[[0m[0mdebug[0m] [0m[0m              Load.loadUnit(file:/home/bsoleille/gitea/project-effective-scala-c1-s14-3039-4085/project/project/, ...) took 349.910683ms[0m
[0m[[0m[0mdebug[0m] [0m[0m            Load.apply: load took 418.651619ms[0m
[0m[[0m[0mdebug[0m] [0m[0m            Load.apply: resolveProjects took 3.055479ms[0m
[0m[[0m[0mdebug[0m] [0m[0m            Load.apply: finalTransforms took 31.357147ms[0m
[0m[[0m[0mdebug[0m] [0m[0m            Load.apply: config.delegates took 3.957703ms[0m
[0m[[0m[0mdebug[0m] [0m[0m            Load.apply: Def.make(settings)... took 209.881102ms[0m
[0m[[0m[0mdebug[0m] [0m[0m            Load.apply: structureIndex took 51.393769ms[0m
[0m[[0m[0mdebug[0m] [0m[0m            Load.apply: mkStreams took 1.352133ms[0m
[0m[[0m[0minfo[0m] [0m[0mloading project definition from /home/bsoleille/gitea/project-effective-scala-c1-s14-3039-4085/project/project[0m
[0m[[0m[0mdebug[0m] [0m[0mRunning task... Cancel: Signal, check cycles: false, forcegc: true[0m
[0m[[0m[0mdebug[0m] [0m[0m          Load.loadUnit: plugins took 1179.462657ms[0m
[0m[[0m[0mdebug[0m] [0m[0m          Load.loadUnit: defsScala took 0.002376ms[0m
[0m[[0m[0mdebug[0m] [0m[0m[Loading] Scanning directory /home/bsoleille/gitea/project-effective-scala-c1-s14-3039-4085/project[0m
[0m[[0m[0mdebug[0m] [0m[0m            Load.loadUnit: mkEval took 0.09846ms[0m
[0m[[0m[0mdebug[0m] [0m[0m[Loading] Found non-root projects [0m
[0m[[0m[0mdebug[0m] [0m[0m[Loading] Done in /home/bsoleille/gitea/project-effective-scala-c1-s14-3039-4085/project, returning: ()[0m
[0m[[0m[0mdebug[0m] [0m[0mdeducing auto plugins based on known facts Set(Atom(sbt.plugins.CorePlugin)) and clauses Clauses(Clause(Atom(sbt.plugins.JvmPlugin),Set(Atom(sbt.plugins.IvyPlugin)))[0m
[0m[[0m[0mdebug[0m] [0m[0mClause(Atom(sbt.ScriptedPlugin),Set(Atom(sbt.plugins.JvmPlugin)))[0m
[0m[[0m[0mdebug[0m] [0m[0mClause(Atom(sbt.plugins.SbtPlugin),Set(Atom(sbt.ScriptedPlugin)))[0m
[0m[[0m[0mdebug[0m] [0m[0mClause(Atom(sbt.plugins.SemanticdbPlugin),Set(Atom(sbt.plugins.JvmPlugin)))[0m
[0m[[0m[0mdebug[0m] [0m[0mClause(Atom(sbt.plugins.JUnitXmlReportPlugin),Set(Atom(sbt.plugins.JvmPlugin)))[0m
[0m[[0m[0mdebug[0m] [0m[0mClause(Atom(sbt.plugins.MiniDependencyTreePlugin),Set(Atom(sbt.plugins.JvmPlugin)))[0m
[0m[[0m[0mdebug[0m] [0m[0mClause(Atom(bloop.integrations.sbt.BloopPlugin),Set(Atom(sbt.plugins.JvmPlugin)))[0m
[0m[[0m[0mdebug[0m] [0m[0mClause(Atom(sbt.plugins.CorePlugin),Set(Atom(sbt.plugins.IvyPlugin)))[0m
[0m[[0m[0mdebug[0m] [0m[0mClause(Atom(sbt.plugins.IvyPlugin),Set(Atom(sbt.plugins.JvmPlugin)))[0m
[0m[[0m[0mdebug[0m] [0m[0mClause(Atom(sbt.plugins.JvmPlugin),Set(Atom(sbt.plugins.SemanticdbPlugin)))[0m
[0m[[0m[0mdebug[0m] [0m[0mClause(Atom(sbt.plugins.JvmPlugin),Set(Atom(sbt.plugins.JUnitXmlReportPlugin)))[0m
[0m[[0m[0mdebug[0m] [0m[0mClause(Atom(sbt.plugins.CorePlugin),Set(Atom(sbt.plugins.Giter8TemplatePlugin)))[0m
[0m[[0m[0mdebug[0m] [0m[0mClause(Atom(sbt.plugins.JvmPlugin),Set(Atom(sbt.plugins.MiniDependencyTreePlugin)))[0m
[0m[[0m[0mdebug[0m] [0m[0mClause(Atom(sbt.plugins.JvmPlugin),Set(Atom(bloop.integrations.sbt.BloopPlugin))))[0m
[0m[[0m[0mdebug[0m] [0m[0m  :: deduced result: Matched(sbt.plugins.CorePlugin,sbt.plugins.Giter8TemplatePlugin,sbt.plugins.IvyPlugin,sbt.plugins.JvmPlugin,bloop.integrations.sbt.BloopPlugin,sbt.plugins.MiniDependencyTreePlugin,sbt.plugins.JUnitXmlReportPlugin,sbt.plugins.SemanticdbPlugin)[0m
[0m[[0m[0mdebug[0m] [0m[0mPlugins.deducer#function took 1.021575 ms[0m
[0m[[0m[0minfo[0m] [0m[0mloading settings for project project-effective-scala-c1-s14-3039-4085-build from metals.sbt ...[0m
[0m[[0m[0mdebug[0m] [0m[0m              Load.resolveProject(project-effective-scala-c1-s14-3039-4085-build) took 11.005364ms[0m
[0m[[0m[0mdebug[0m] [0m[0m            Load.loadTransitive: finalizeProject(Project(id project-effective-scala-c1-s14-3039-4085-build, base: /home/bsoleille/gitea/project-effective-scala-c1-s14-3039-4085/project, plugins: List(<none>))) took 12.325495ms[0m
[0m[[0m[0mdebug[0m] [0m[0m[Loading] Done in /home/bsoleille/gitea/project-effective-scala-c1-s14-3039-4085/project, returning: (project-effective-scala-c1-s14-3039-4085-build)[0m
[0m[[0m[0mdebug[0m] [0m[0m          Load.loadUnit: loadedProjectsRaw took 21.645613ms[0m
[0m[[0m[0mdebug[0m] [0m[0m          Load.loadUnit: cleanEvalClasses took 0.24496ms[0m
[0m[[0m[0mdebug[0m] [0m[0m        Load.loadUnit(file:/home/bsoleille/gitea/project-effective-scala-c1-s14-3039-4085/project/, ...) took 1201.680351ms[0m
[0m[[0m[0mdebug[0m] [0m[0m      Load.apply: load took 1202.974234ms[0m
[0m[[0m[0mdebug[0m] [0m[0m      Load.apply: resolveProjects took 0.139392ms[0m
[0m[[0m[0mdebug[0m] [0m[0m      Load.apply: finalTransforms took 12.109331ms[0m
[0m[[0m[0mdebug[0m] [0m[0m      Load.apply: config.delegates took 0.335173ms[0m
[0m[[0m[0mdebug[0m] [0m[0m      Load.apply: Def.make(settings)... took 51.20645ms[0m
[0m[[0m[0mdebug[0m] [0m[0m      Load.apply: structureIndex took 19.230853ms[0m
[0m[[0m[0mdebug[0m] [0m[0m      Load.apply: mkStreams took 0.003259ms[0m
[0m[[0m[0minfo[0m] [0m[0mloading project definition from /home/bsoleille/gitea/project-effective-scala-c1-s14-3039-4085/project[0m
[0m[[0m[0mdebug[0m] [0m[0mEvaluating tasks: bloopInstall[0m
[0m[[0m[0mdebug[0m] [0m[0mRunning task... Cancel: Signal, check cycles: false, forcegc: true[0m
[0m[[0m[32msuccess[0m] [0m[0mGenerated .bloop/project-effective-scala-c1-s14-3039-4085-build.json[0m
[0m[[0m[32msuccess[0m] [0m[0mTotal time: 1 s, completed Nov 22, 2023, 5:41:53 PM[0m
[0m[[0m[0mdebug[0m] [0m[0mRunning task... Cancel: Signal, check cycles: false, forcegc: true[0m
[0m[[0m[0mdebug[0m] [0m[0m    Load.loadUnit: plugins took 2454.608713ms[0m
[0m[[0m[0mdebug[0m] [0m[0m    Load.loadUnit: defsScala took 0.002081ms[0m
[0m[[0m[0mdebug[0m] [0m[0m[Loading] Scanning directory /home/bsoleille/gitea/project-effective-scala-c1-s14-3039-4085[0m
[0m[[0m[0mdebug[0m] [0m[0m      Load.loadUnit: mkEval took 0.142716ms[0m
[0m[[0m[0mdebug[0m] [0m[0m[Loading] Found non-root projects [0m
[0m[[0m[0mdebug[0m] [0m[0m[Loading] Done in /home/bsoleille/gitea/project-effective-scala-c1-s14-3039-4085, returning: ()[0m
[0m[[0m[0mdebug[0m] [0m[0mdeducing auto plugins based on known facts Set(Atom(sbt.plugins.CorePlugin)) and clauses Clauses(Clause(Atom(sbt.plugins.JvmPlugin),Set(Atom(sbt.plugins.IvyPlugin)))[0m
[0m[[0m[0mdebug[0m] [0m[0mClause(Atom(sbt.ScriptedPlugin),Set(Atom(sbt.plugins.JvmPlugin)))[0m
[0m[[0m[0mdebug[0m] [0m[0mClause(Atom(sbt.plugins.SbtPlugin),Set(Atom(sbt.ScriptedPlugin)))[0m
[0m[[0m[0mdebug[0m] [0m[0mClause(Atom(sbt.plugins.SemanticdbPlugin),Set(Atom(sbt.plugins.JvmPlugin)))[0m
[0m[[0m[0mdebug[0m] [0m[0mClause(Atom(sbt.plugins.JUnitXmlReportPlugin),Set(Atom(sbt.plugins.JvmPlugin)))[0m
[0m[[0m[0mdebug[0m] [0m[0mClause(Atom(sbt.plugins.MiniDependencyTreePlugin),Set(Atom(sbt.plugins.JvmPlugin)))[0m
[0m[[0m[0mdebug[0m] [0m[0mClause(Atom(bloop.integrations.sbt.BloopPlugin),Set(Atom(sbt.plugins.JvmPlugin)))[0m
[0m[[0m[0mdebug[0m] [0m[0mClause(Atom(sbt.plugins.CorePlugin),Set(Atom(sbt.plugins.IvyPlugin)))[0m
[0m[[0m[0mdebug[0m] [0m[0mClause(Atom(sbt.plugins.IvyPlugin),Set(Atom(sbt.plugins.JvmPlugin)))[0m
[0m[[0m[0mdebug[0m] [0m[0mClause(Atom(sbt.plugins.JvmPlugin),Set(Atom(sbt.plugins.SemanticdbPlugin)))[0m
[0m[[0m[0mdebug[0m] [0m[0mClause(Atom(sbt.plugins.JvmPlugin),Set(Atom(sbt.plugins.JUnitXmlReportPlugin)))[0m
[0m[[0m[0mdebug[0m] [0m[0mClause(Atom(sbt.plugins.CorePlugin),Set(Atom(sbt.plugins.Giter8TemplatePlugin)))[0m
[0m[[0m[0mdebug[0m] [0m[0mClause(Atom(sbt.plugins.JvmPlugin),Set(Atom(sbt.plugins.MiniDependencyTreePlugin)))[0m
[0m[[0m[0mdebug[0m] [0m[0mClause(Atom(sbt.plugins.JvmPlugin),Set(Atom(bloop.integrations.sbt.BloopPlugin))))[0m
[0m[[0m[0mdebug[0m] [0m[0m  :: deduced result: Matched(sbt.plugins.CorePlugin,sbt.plugins.Giter8TemplatePlugin,sbt.plugins.IvyPlugin,sbt.plugins.JvmPlugin,bloop.integrations.sbt.BloopPlugin,sbt.plugins.MiniDependencyTreePlugin,sbt.plugins.JUnitXmlReportPlugin,sbt.plugins.SemanticdbPlugin)[0m
[0m[[0m[0mdebug[0m] [0m[0mPlugins.deducer#function took 0.820141 ms[0m
[0m[[0m[0minfo[0m] [0m[0mloading settings for project project-effective-scala-c1-s14-3039-4085 from build.sbt ...[0m
[0m[[0m[0mdebug[0m] [0m[0m        Load.resolveProject(project-effective-scala-c1-s14-3039-4085) took 11.415495ms[0m
[0m[[0m[0mdebug[0m] [0m[0m      Load.loadTransitive: finalizeProject(Project(id project-effective-scala-c1-s14-3039-4085, base: /home/bsoleille/gitea/project-effective-scala-c1-s14-3039-4085, plugins: List(<none>))) took 12.522527ms[0m
[0m[[0m[0mdebug[0m] [0m[0m[Loading] Done in /home/bsoleille/gitea/project-effective-scala-c1-s14-3039-4085, returning: (project-effective-scala-c1-s14-3039-4085)[0m
[0m[[0m[0mdebug[0m] [0m[0m    Load.loadUnit: loadedProjectsRaw took 42.300202ms[0m
[0m[[0m[0mdebug[0m] [0m[0m    Load.loadUnit: cleanEvalClasses took 0.516217ms[0m
[0m[[0m[0mdebug[0m] [0m[0m  Load.loadUnit(file:/home/bsoleille/gitea/project-effective-scala-c1-s14-3039-4085/, ...) took 2498.274121ms[0m
[0m[[0m[0mdebug[0m] [0m[0mLoad.apply: load took 2513.403332ms[0m
[0m[[0m[0mdebug[0m] [0m[0mLoad.apply: resolveProjects took 0.082216ms[0m
[0m[[0m[0mdebug[0m] [0m[0mLoad.apply: finalTransforms took 7.019333ms[0m
[0m[[0m[0mdebug[0m] [0m[0mLoad.apply: config.delegates took 0.219396ms[0m
[0m[[0m[0mdebug[0m] [0m[0mLoad.apply: Def.make(settings)... took 39.321342ms[0m
[0m[[0m[0mdebug[0m] [0m[0mLoad.apply: structureIndex took 10.091378ms[0m
[0m[[0m[0mdebug[0m] [0m[0mLoad.apply: mkStreams took 0.002986ms[0m
[0m[[0m[0minfo[0m] [0m[0mset current project to myScala3Project (in build file:/home/bsoleille/gitea/project-effective-scala-c1-s14-3039-4085/)[0m
[0m[[0m[0mdebug[0m] [0m[0m> Exec(sbtPopOnFailure, None, None)[0m
[0m[[0m[0mdebug[0m] [0m[0m> Exec(resumeFromFailure, None, None)[0m
[0m[[0m[0mdebug[0m] [0m[0m> Exec(notifyUsersAboutShell, None, None)[0m
[0m[[0m[0mdebug[0m] [0m[0m> Exec(iflast shell, None, None)[0m
[0m[[0m[0mdebug[0m] [0m[0m> Exec(shell, None, None)[0m
[0m[[0m[0minfo[0m] [0m[0msbt server started at local:///home/bsoleille/.sbt/1.0/server/2d61dd9dbe10a3042db4/sock[0m
[0m[[0m[0mdebug[0m] [0m[0mWriting bsp connection file[0m
[0m[[0m[0minfo[0m] [0m[0mstarted sbt server[0m
[0m[[0m[0minfo[0m] [0m[0mshutting down sbt server[0m
