2023.12.06 16:39:14 INFO  Started: Metals version 1.1.0 in folders '/home/bsoleille/gitea/project-effective-scala-c1-s14-3039-4085' for client Visual Studio Code 1.84.2.[0m
2023.12.06 16:39:18 INFO  Attempting to connect to the build server...[0m
2023.12.06 16:39:18 INFO  Bloop uses /home/bsoleille/.cache/coursier/arc/https/github.com/adoptium/temurin11-binaries/releases/download/jdk-11.0.20%252B8/OpenJDK11U-jdk_x64_linux_hotspot_11.0.20_8.tar.gz/jdk-11.0.20+8 defined at /home/bsoleille/.bloop/bloop.json[0m
Dec 06, 2023 4:39:19 PM org.eclipse.lsp4j.jsonrpc.services.GenericEndpoint notify
INFO: Unsupported notification method: $/setTrace
Dec 06, 2023 4:39:19 PM org.eclipse.lsp4j.jsonrpc.services.GenericEndpoint notify
INFO: Unsupported notification method: $/setTrace
Dec 06, 2023 4:39:20 PM org.eclipse.lsp4j.jsonrpc.RemoteEndpoint handleCancellation
WARNING: Unmatched cancel notification for request id 9
2023.12.06 16:39:20 INFO  tracing is disabled for protocol BSP, to enable tracing of incoming and outgoing JSON messages create an empty file at /home/bsoleille/gitea/project-effective-scala-c1-s14-3039-4085/.metals/bsp.trace.json or /home/bsoleille/.cache/metals/bsp.trace.json[0m
2023.12.06 16:39:20 INFO  Attempting to connect to the build server...[0m
2023.12.06 16:39:20 INFO  Bloop uses /home/bsoleille/.cache/coursier/arc/https/github.com/adoptium/temurin11-binaries/releases/download/jdk-11.0.20%252B8/OpenJDK11U-jdk_x64_linux_hotspot_11.0.20_8.tar.gz/jdk-11.0.20+8 defined at /home/bsoleille/.bloop/bloop.json[0m
2023.12.06 16:39:20 INFO  tracing is disabled for protocol BSP, to enable tracing of incoming and outgoing JSON messages create an empty file at /home/bsoleille/gitea/project-effective-scala-c1-s14-3039-4085/project/.metals/bsp.trace.json or /home/bsoleille/.cache/metals/bsp.trace.json[0m
2023.12.06 16:39:20 INFO  time: Connected to build server in 2.45s[0m
2023.12.06 16:39:20 INFO  Connected to Build server: Bloop v1.5.11[0m
2023.12.06 16:39:22 INFO  no build target found for /home/bsoleille/gitea/project-effective-scala-c1-s14-3039-4085/src/main/scala/web/WebServer.scala. Using presentation compiler with project's scala-library version: 3.3.1[0m
2023.12.06 16:39:24 INFO  running '/home/bsoleille/.cache/coursier/arc/https/github.com/adoptium/temurin11-binaries/releases/download/jdk-11.0.20%252B8/OpenJDK11U-jdk_x64_linux_hotspot_11.0.20_8.tar.gz/jdk-11.0.20+8/bin/java -Djline.terminal=jline.UnsupportedTerminal -Dsbt.log.noformat=true -Dfile.encoding=UTF-8 -jar /tmp/metals17965588002717263879/sbt-launch.jar -Dbloop.export-jar-classifiers=sources bloopInstall'[0m
2023.12.06 16:39:25 INFO  [info] welcome to sbt 1.9.6 (Eclipse Adoptium Java 11.0.20)[0m
2023.12.06 16:39:25 INFO  [info] loading settings for project project-effective-scala-c1-s14-3039-4085-build-build from metals.sbt ...[0m
2023.12.06 16:39:26 INFO  time: indexed workspace in 3.98s[0m
2023.12.06 16:39:26 INFO  [info] loading project definition from /home/bsoleille/gitea/project-effective-scala-c1-s14-3039-4085/project/project[0m
2023.12.06 16:39:26 INFO  [info] loading settings for project project-effective-scala-c1-s14-3039-4085-build from metals.sbt ...[0m
2023.12.06 16:39:26 INFO  [info] loading project definition from /home/bsoleille/gitea/project-effective-scala-c1-s14-3039-4085/project[0m
2023.12.06 16:39:29 INFO  [success] Generated .bloop/project-effective-scala-c1-s14-3039-4085-build.json[0m
2023.12.06 16:39:29 INFO  [success] Total time: 2 s, completed Dec 6, 2023, 4:39:29 PM[0m
2023.12.06 16:39:29 INFO  [info] loading settings for project project-effective-scala-c1-s14-3039-4085 from build.sbt ...[0m
2023.12.06 16:39:29 INFO  [info] set current project to myScala3Project (in build file:/home/bsoleille/gitea/project-effective-scala-c1-s14-3039-4085/)[0m
2023.12.06 16:39:30 INFO  [success] Generated .bloop/project-effective-scala-c1-s14-3039-4085-test.json[0m
2023.12.06 16:39:30 INFO  [success] Generated .bloop/project-effective-scala-c1-s14-3039-4085.json[0m
2023.12.06 16:39:30 INFO  [success] Total time: 1 s, completed Dec 6, 2023, 4:39:30 PM[0m
2023.12.06 16:39:31 INFO  time: ran 'sbt bloopInstall' in 6.33s[0m
2023.12.06 16:39:31 INFO  Disconnecting from Bloop session...[0m
2023.12.06 16:39:31 INFO  Shut down connection with build server.[0m
2023.12.06 16:39:31 INFO  Shut down connection with build server.[0m
2023.12.06 16:39:31 INFO  Attempting to connect to the build server...[0m
2023.12.06 16:39:31 INFO  Bloop uses /home/bsoleille/.cache/coursier/arc/https/github.com/adoptium/temurin11-binaries/releases/download/jdk-11.0.20%252B8/OpenJDK11U-jdk_x64_linux_hotspot_11.0.20_8.tar.gz/jdk-11.0.20+8 defined at /home/bsoleille/.bloop/bloop.json[0m
2023.12.06 16:39:31 INFO  tracing is disabled for protocol BSP, to enable tracing of incoming and outgoing JSON messages create an empty file at /home/bsoleille/gitea/project-effective-scala-c1-s14-3039-4085/.metals/bsp.trace.json or /home/bsoleille/.cache/metals/bsp.trace.json[0m
2023.12.06 16:39:31 INFO  Attempting to connect to the build server...[0m
2023.12.06 16:39:31 INFO  Bloop uses /home/bsoleille/.cache/coursier/arc/https/github.com/adoptium/temurin11-binaries/releases/download/jdk-11.0.20%252B8/OpenJDK11U-jdk_x64_linux_hotspot_11.0.20_8.tar.gz/jdk-11.0.20+8 defined at /home/bsoleille/.bloop/bloop.json[0m
2023.12.06 16:39:31 INFO  tracing is disabled for protocol BSP, to enable tracing of incoming and outgoing JSON messages create an empty file at /home/bsoleille/gitea/project-effective-scala-c1-s14-3039-4085/project/.metals/bsp.trace.json or /home/bsoleille/.cache/metals/bsp.trace.json[0m
2023.12.06 16:39:31 INFO  time: Connected to build server in 0.17s[0m
2023.12.06 16:39:31 INFO  Connected to Build server: Bloop v1.5.11[0m
2023.12.06 16:39:32 INFO  time: indexed workspace in 1.73s[0m
2023.12.06 16:40:39 INFO  tracing is disabled for protocol dap-server, to enable tracing of incoming and outgoing JSON messages create an empty file at /home/bsoleille/gitea/project-effective-scala-c1-s14-3039-4085/.metals/dap-server.trace.json or /home/bsoleille/.cache/metals/dap-server.trace.json[0m
2023.12.06 16:40:39 INFO  tracing is disabled for protocol dap-client, to enable tracing of incoming and outgoing JSON messages create an empty file at /home/bsoleille/gitea/project-effective-scala-c1-s14-3039-4085/.metals/dap-client.trace.json or /home/bsoleille/.cache/metals/dap-client.trace.json[0m
2023.12.06 16:40:39 INFO  Starting debug proxy for [app.RoutesMain][0m
2023.12.06 16:40:40 INFO  Loaded expression compiler in 543 milliseconds[0m
2023.12.06 16:40:40 INFO  /home/bsoleille/.cache/coursier/v1/https/repo1.maven.org/maven2/ch/epfl/scala/scala-debug-step-filter_3/3.1.4/scala-debug-step-filter_3-3.1.4.jar[0m
2023.12.06 16:40:40 INFO  /home/bsoleille/.cache/coursier/v1/https/repo1.maven.org/maven2/org/scala-lang/tasty-core_3/3.3.1/tasty-core_3-3.3.1.jar[0m
2023.12.06 16:40:40 INFO  /home/bsoleille/.cache/coursier/v1/https/repo1.maven.org/maven2/org/scala-lang/scala3-library_3/3.3.1/scala3-library_3-3.3.1.jar[0m
2023.12.06 16:40:40 INFO  /home/bsoleille/.cache/coursier/v1/https/repo1.maven.org/maven2/ch/epfl/scala/tasty-query_3/0.8.4/tasty-query_3-0.8.4.jar[0m
2023.12.06 16:40:40 INFO  /home/bsoleille/.cache/coursier/v1/https/repo1.maven.org/maven2/org/scala-lang/scala-library/2.13.10/scala-library-2.13.10.jar[0m
2023.12.06 16:40:40 INFO  Loaded step filter in 21 milliseconds[0m
2023.12.06 16:40:40 WARN  Found duplicate entry /home/bsoleille/gitea/project-effective-scala-c1-s14-3039-4085/src/main/resources in debuggee MainClassDebugAdapter(project-effective-scala-c1-s14-3039-4085, app.RoutesMain)[0m
2023.12.06 16:40:41 INFO  Loaded all sources and classes in 1 second[0m
2023.12.06 16:40:44 INFO  Trying to attach to remote debuggee VM localhost:44369 .[0m
2023.12.06 16:40:44 INFO  Attaching to debuggee VM succeeded.[0m
2023.12.06 16:40:44 ERROR 23/12/06 16:40:44 WARN Utils: Your hostname, CN3126CH011005 resolves to a loopback address: 127.0.1.1; using 10.25.86.80 instead (on interface enp0s31f6)[0m
2023.12.06 16:40:44 ERROR 23/12/06 16:40:44 WARN Utils: Set SPARK_LOCAL_IP if you need to bind to another address[0m
2023.12.06 16:40:44 ERROR 23/12/06 16:40:45 INFO SparkContext: Running Spark version 3.5.0[0m
2023.12.06 16:40:44 ERROR 23/12/06 16:40:45 INFO SparkContext: OS info Linux, 6.2.0-37-generic, amd64[0m
2023.12.06 16:40:44 ERROR 23/12/06 16:40:45 INFO SparkContext: Java version 11.0.20[0m
2023.12.06 16:40:45 ERROR 23/12/06 16:40:45 WARN NativeCodeLoader: Unable to load native-hadoop library for your platform... using builtin-java classes where applicable[0m
2023.12.06 16:40:45 ERROR WARNING: An illegal reflective access operation has occurred[0m
2023.12.06 16:40:45 ERROR WARNING: Illegal reflective access by org.apache.spark.unsafe.Platform (file:/home/bsoleille/.cache/coursier/v1/https/repo1.maven.org/maven2/org/apache/spark/spark-unsafe_2.13/3.5.0/spark-unsafe_2.13-3.5.0.jar) to constructor java.nio.DirectByteBuffer(long,int)[0m
2023.12.06 16:40:45 ERROR WARNING: Please consider reporting this to the maintainers of org.apache.spark.unsafe.Platform[0m
2023.12.06 16:40:45 ERROR WARNING: Use --illegal-access=warn to enable warnings of further illegal reflective access operations[0m
2023.12.06 16:40:45 ERROR WARNING: All illegal access operations will be denied in a future release[0m
2023.12.06 16:42:47 ERROR upickle.core.Abort: expected number got dictionary[0m
2023.12.06 16:42:47 ERROR 	at upickle.core.SimpleVisitor.visitObject(SimpleVisitor.scala:21)[0m
2023.12.06 16:42:47 ERROR 	at upickle.core.SimpleVisitor.visitObject$(SimpleVisitor.scala:7)[0m
2023.12.06 16:42:47 ERROR 	at upickle.implicits.Readers$$anon$5.visitObject(Readers.scala:71)[0m
2023.12.06 16:42:47 ERROR 	at upickle.core.Visitor$Delegate.visitObject(Visitor.scala:172)[0m
2023.12.06 16:42:47 ERROR 	at ujson.AstTransformer.transformObject(AstTransformer.scala:17)[0m
2023.12.06 16:42:47 ERROR 	at ujson.AstTransformer.transformObject$(AstTransformer.scala:8)[0m
2023.12.06 16:42:47 ERROR 	at ujson.Value$.transformObject(Value.scala:126)[0m
2023.12.06 16:42:47 ERROR 	at ujson.Value$.transform(Value.scala:166)[0m
2023.12.06 16:42:47 ERROR 	at ujson.Value$.transform(Value.scala:158)[0m
2023.12.06 16:42:47 ERROR 	at ujson.AstTransformer.transformObject$$anonfun$1(AstTransformer.scala:21)[0m
2023.12.06 16:42:47 ERROR 	at scala.runtime.function.JProcedure1.apply(JProcedure1.java:15)[0m
2023.12.06 16:42:47 ERROR 	at scala.runtime.function.JProcedure1.apply(JProcedure1.java:10)[0m
2023.12.06 16:42:47 ERROR 	at scala.collection.IterableOnceOps.foreach(IterableOnce.scala:575)[0m
2023.12.06 16:42:47 ERROR 	at scala.collection.IterableOnceOps.foreach$(IterableOnce.scala:573)[0m
2023.12.06 16:42:47 ERROR 	at upickle.core.LinkedHashMap.foreach(LinkedHashMap.scala:12)[0m
2023.12.06 16:42:47 ERROR 	at ujson.AstTransformer.transformObject(AstTransformer.scala:22)[0m
2023.12.06 16:42:47 ERROR 	at ujson.AstTransformer.transformObject$(AstTransformer.scala:8)[0m
2023.12.06 16:42:47 ERROR 	at ujson.Value$.transformObject(Value.scala:126)[0m
2023.12.06 16:42:47 ERROR 	at ujson.Value$.transform(Value.scala:166)[0m
2023.12.06 16:42:47 ERROR 	at ujson.Value$.transform(Value.scala:158)[0m
2023.12.06 16:42:47 ERROR 	at ujson.AstTransformer.transformArray$$anonfun$1(AstTransformer.scala:13)[0m
2023.12.06 16:42:47 ERROR 	at scala.runtime.function.JProcedure1.apply(JProcedure1.java:15)[0m
2023.12.06 16:42:47 ERROR 	at scala.runtime.function.JProcedure1.apply(JProcedure1.java:10)[0m
2023.12.06 16:42:47 ERROR 	at scala.collection.IterableOnceOps.foreach(IterableOnce.scala:575)[0m
2023.12.06 16:42:47 ERROR 	at scala.collection.IterableOnceOps.foreach$(IterableOnce.scala:573)[0m
2023.12.06 16:42:47 ERROR 	at scala.collection.AbstractIterable.foreach(Iterable.scala:933)[0m
2023.12.06 16:42:47 ERROR 	at ujson.AstTransformer.transformArray(AstTransformer.scala:13)[0m
2023.12.06 16:42:47 ERROR 	at ujson.AstTransformer.transformArray$(AstTransformer.scala:8)[0m
2023.12.06 16:42:47 ERROR 	at ujson.Value$.transformArray(Value.scala:126)[0m
2023.12.06 16:42:47 ERROR 	at ujson.Value$.transform(Value.scala:165)[0m
2023.12.06 16:42:47 ERROR 	at ujson.Value.transform(Value.scala:110)[0m
2023.12.06 16:42:47 ERROR 	at ujson.Value.transform$(Value.scala:9)[0m
2023.12.06 16:42:47 ERROR 	at ujson.Arr.transform(Value.scala:226)[0m
2023.12.06 16:42:47 ERROR 	at upickle.Api.read$$anonfun$1(Api.scala:38)[0m
2023.12.06 16:42:47 ERROR 	at upickle.core.TraceVisitor$.withTrace(TraceVisitor.scala:18)[0m
2023.12.06 16:42:47 ERROR 	at upickle.Api.read(Api.scala:38)[0m
2023.12.06 16:42:47 ERROR 	at upickle.Api.read$(Api.scala:17)[0m
2023.12.06 16:42:47 ERROR 	at upickle.default$.read(Api.scala:158)[0m
2023.12.06 16:42:47 ERROR 	at web.JsonPost$.evaluate1(WebServer.scala:192)[0m
2023.12.06 16:42:47 ERROR 	at web.JsonPost$.$anonfun$25$$anonfun$1(WebServer.scala:221)[0m
2023.12.06 16:42:47 ERROR 	at cask.router.Result$Success.map(Result.scala:21)[0m
2023.12.06 16:42:47 ERROR 	at web.JsonPost$.$anonfun$25(WebServer.scala:221)[0m
2023.12.06 16:42:47 ERROR 	at cask.router.EntryPoint.invoke(EntryPoint.scala:46)[0m
2023.12.06 16:42:47 ERROR 	at cask.router.Decorator$.invoke$$anonfun$2(Decorators.scala:58)[0m
2023.12.06 16:42:47 ERROR 	at cask.endpoints.postJson.wrapFunction(JsonEndpoint.scala:76)[0m
2023.12.06 16:42:47 ERROR 	at cask.router.Decorator$.invoke(Decorators.scala:59)[0m
2023.12.06 16:42:47 ERROR 	at cask.main.Main$DefaultHandler.handleRequest(Main.scala:115)[0m
2023.12.06 16:42:47 ERROR 	at io.undertow.server.Connectors.executeRootHandler(Connectors.java:387)[0m
2023.12.06 16:42:47 ERROR 	at io.undertow.server.HttpServerExchange$1.run(HttpServerExchange.java:852)[0m
2023.12.06 16:42:47 ERROR 	at org.jboss.threads.ContextClassLoaderSavingRunnable.run(ContextClassLoaderSavingRunnable.java:35)[0m
2023.12.06 16:42:47 ERROR 	at org.jboss.threads.EnhancedQueueExecutor.safeRun(EnhancedQueueExecutor.java:2019)[0m
2023.12.06 16:42:47 ERROR 	at org.jboss.threads.EnhancedQueueExecutor$ThreadBody.doRunTask(EnhancedQueueExecutor.java:1558)[0m
2023.12.06 16:42:47 ERROR 	at org.jboss.threads.EnhancedQueueExecutor$ThreadBody.run(EnhancedQueueExecutor.java:1449)[0m
2023.12.06 16:42:47 ERROR 	at org.xnio.XnioWorker$WorkerThreadFactory$1$1.run(XnioWorker.java:1282)[0m
2023.12.06 16:42:47 ERROR 	at java.base/java.lang.Thread.run(Thread.java:829)[0m
2023.12.06 16:50:58 ERROR upickle.core.Abort: expected number got dictionary[0m
2023.12.06 16:50:58 ERROR 	at upickle.core.SimpleVisitor.visitObject(SimpleVisitor.scala:21)[0m
2023.12.06 16:50:58 ERROR 	at upickle.core.SimpleVisitor.visitObject$(SimpleVisitor.scala:7)[0m
2023.12.06 16:50:58 ERROR 	at upickle.implicits.Readers$$anon$5.visitObject(Readers.scala:71)[0m
2023.12.06 16:50:58 ERROR 	at upickle.core.Visitor$Delegate.visitObject(Visitor.scala:172)[0m
2023.12.06 16:50:58 ERROR 	at ujson.AstTransformer.transformObject(AstTransformer.scala:17)[0m
2023.12.06 16:50:58 ERROR 	at ujson.AstTransformer.transformObject$(AstTransformer.scala:8)[0m
2023.12.06 16:50:58 ERROR 	at ujson.Value$.transformObject(Value.scala:126)[0m
2023.12.06 16:50:58 ERROR 	at ujson.Value$.transform(Value.scala:166)[0m
2023.12.06 16:50:58 ERROR 	at ujson.Value$.transform(Value.scala:158)[0m
2023.12.06 16:50:58 ERROR 	at ujson.AstTransformer.transformObject$$anonfun$1(AstTransformer.scala:21)[0m
2023.12.06 16:50:58 ERROR 	at scala.runtime.function.JProcedure1.apply(JProcedure1.java:15)[0m
2023.12.06 16:50:58 ERROR 	at scala.runtime.function.JProcedure1.apply(JProcedure1.java:10)[0m
2023.12.06 16:50:58 ERROR 	at scala.collection.IterableOnceOps.foreach(IterableOnce.scala:575)[0m
2023.12.06 16:50:58 ERROR 	at scala.collection.IterableOnceOps.foreach$(IterableOnce.scala:573)[0m
2023.12.06 16:50:58 ERROR 	at upickle.core.LinkedHashMap.foreach(LinkedHashMap.scala:12)[0m
2023.12.06 16:50:58 ERROR 	at ujson.AstTransformer.transformObject(AstTransformer.scala:22)[0m
2023.12.06 16:50:58 ERROR 	at ujson.AstTransformer.transformObject$(AstTransformer.scala:8)[0m
2023.12.06 16:50:58 ERROR 	at ujson.Value$.transformObject(Value.scala:126)[0m
2023.12.06 16:50:58 ERROR 	at ujson.Value$.transform(Value.scala:166)[0m
2023.12.06 16:50:58 ERROR 	at ujson.Value$.transform(Value.scala:158)[0m
2023.12.06 16:50:58 ERROR 	at ujson.AstTransformer.transformArray$$anonfun$1(AstTransformer.scala:13)[0m
2023.12.06 16:50:58 ERROR 	at scala.runtime.function.JProcedure1.apply(JProcedure1.java:15)[0m
2023.12.06 16:50:58 ERROR 	at scala.runtime.function.JProcedure1.apply(JProcedure1.java:10)[0m
2023.12.06 16:50:58 ERROR 	at scala.collection.IterableOnceOps.foreach(IterableOnce.scala:575)[0m
2023.12.06 16:50:58 ERROR 	at scala.collection.IterableOnceOps.foreach$(IterableOnce.scala:573)[0m
2023.12.06 16:50:58 ERROR 	at scala.collection.AbstractIterable.foreach(Iterable.scala:933)[0m
2023.12.06 16:50:58 ERROR 	at ujson.AstTransformer.transformArray(AstTransformer.scala:13)[0m
2023.12.06 16:50:58 ERROR 	at ujson.AstTransformer.transformArray$(AstTransformer.scala:8)[0m
2023.12.06 16:50:58 ERROR 	at ujson.Value$.transformArray(Value.scala:126)[0m
2023.12.06 16:50:58 ERROR 	at ujson.Value$.transform(Value.scala:165)[0m
2023.12.06 16:50:58 ERROR 	at ujson.Value.transform(Value.scala:110)[0m
2023.12.06 16:50:58 ERROR 	at ujson.Value.transform$(Value.scala:9)[0m
2023.12.06 16:50:58 ERROR 	at ujson.Arr.transform(Value.scala:226)[0m
2023.12.06 16:50:58 ERROR 	at upickle.Api.read$$anonfun$1(Api.scala:38)[0m
2023.12.06 16:50:58 ERROR 	at upickle.core.TraceVisitor$.withTrace(TraceVisitor.scala:18)[0m
2023.12.06 16:50:58 ERROR 	at upickle.Api.read(Api.scala:38)[0m
2023.12.06 16:50:58 ERROR 	at upickle.Api.read$(Api.scala:17)[0m
2023.12.06 16:50:58 ERROR 	at upickle.default$.read(Api.scala:158)[0m
2023.12.06 16:50:58 ERROR 	at web.JsonPost$.evaluate1(WebServer.scala:192)[0m
2023.12.06 16:50:58 ERROR 	at web.JsonPost$.$anonfun$25$$anonfun$1(WebServer.scala:221)[0m
2023.12.06 16:50:58 ERROR 	at cask.router.Result$Success.map(Result.scala:21)[0m
2023.12.06 16:50:58 ERROR 	at web.JsonPost$.$anonfun$25(WebServer.scala:221)[0m
2023.12.06 16:50:58 ERROR 	at cask.router.EntryPoint.invoke(EntryPoint.scala:46)[0m
2023.12.06 16:50:58 ERROR 	at cask.router.Decorator$.invoke$$anonfun$2(Decorators.scala:58)[0m
2023.12.06 16:50:58 ERROR 	at cask.endpoints.postJson.wrapFunction(JsonEndpoint.scala:76)[0m
2023.12.06 16:50:58 ERROR 	at cask.router.Decorator$.invoke(Decorators.scala:59)[0m
2023.12.06 16:50:58 ERROR 	at cask.main.Main$DefaultHandler.handleRequest(Main.scala:115)[0m
2023.12.06 16:50:58 ERROR 	at io.undertow.server.Connectors.executeRootHandler(Connectors.java:387)[0m
2023.12.06 16:50:58 ERROR 	at io.undertow.server.HttpServerExchange$1.run(HttpServerExchange.java:852)[0m
2023.12.06 16:50:58 ERROR 	at org.jboss.threads.ContextClassLoaderSavingRunnable.run(ContextClassLoaderSavingRunnable.java:35)[0m
2023.12.06 16:50:58 ERROR 	at org.jboss.threads.EnhancedQueueExecutor.safeRun(EnhancedQueueExecutor.java:2019)[0m
2023.12.06 16:50:58 ERROR 	at org.jboss.threads.EnhancedQueueExecutor$ThreadBody.doRunTask(EnhancedQueueExecutor.java:1558)[0m
2023.12.06 16:50:58 ERROR 	at org.jboss.threads.EnhancedQueueExecutor$ThreadBody.run(EnhancedQueueExecutor.java:1423)[0m
2023.12.06 16:50:58 ERROR 	at org.xnio.XnioWorker$WorkerThreadFactory$1$1.run(XnioWorker.java:1282)[0m
2023.12.06 16:50:58 ERROR 	at java.base/java.lang.Thread.run(Thread.java:829)[0m
2023.12.06 16:51:46 INFO  Canceling debug proxy for [app.RoutesMain][0m
2023.12.06 16:51:46 INFO  tracing is disabled for protocol dap-server, to enable tracing of incoming and outgoing JSON messages create an empty file at /home/bsoleille/gitea/project-effective-scala-c1-s14-3039-4085/.metals/dap-server.trace.json or /home/bsoleille/.cache/metals/dap-server.trace.json[0m
2023.12.06 16:51:46 INFO  tracing is disabled for protocol dap-server, to enable tracing of incoming and outgoing JSON messages create an empty file at /home/bsoleille/gitea/project-effective-scala-c1-s14-3039-4085/.metals/dap-server.trace.json or /home/bsoleille/.cache/metals/dap-server.trace.json[0m
2023.12.06 16:51:46 INFO  tracing is disabled for protocol dap-client, to enable tracing of incoming and outgoing JSON messages create an empty file at /home/bsoleille/gitea/project-effective-scala-c1-s14-3039-4085/.metals/dap-client.trace.json or /home/bsoleille/.cache/metals/dap-client.trace.json[0m
2023.12.06 16:51:46 INFO  Starting debug proxy for [app.RoutesMain][0m
2023.12.06 16:51:46 INFO  Loaded expression compiler in 1 millisecond[0m
2023.12.06 16:51:46 INFO  Loaded step filter in 0 milliseconds[0m
2023.12.06 16:51:46 WARN  Found duplicate entry /home/bsoleille/gitea/project-effective-scala-c1-s14-3039-4085/src/main/resources in debuggee MainClassDebugAdapter(project-effective-scala-c1-s14-3039-4085, app.RoutesMain)[0m
2023.12.06 16:51:46 INFO  Loaded all sources and classes in 944 milliseconds[0m
2023.12.06 16:51:49 INFO  Trying to attach to remote debuggee VM localhost:51075 .[0m
2023.12.06 16:51:49 INFO  Attaching to debuggee VM succeeded.[0m
2023.12.06 16:51:49 ERROR 23/12/06 16:51:50 WARN Utils: Your hostname, CN3126CH011005 resolves to a loopback address: 127.0.1.1; using 10.25.86.80 instead (on interface enp0s31f6)[0m
2023.12.06 16:51:49 ERROR 23/12/06 16:51:50 WARN Utils: Set SPARK_LOCAL_IP if you need to bind to another address[0m
2023.12.06 16:51:49 ERROR 23/12/06 16:51:50 INFO SparkContext: Running Spark version 3.5.0[0m
2023.12.06 16:51:49 ERROR 23/12/06 16:51:50 INFO SparkContext: OS info Linux, 6.2.0-37-generic, amd64[0m
2023.12.06 16:51:49 ERROR 23/12/06 16:51:50 INFO SparkContext: Java version 11.0.20[0m
2023.12.06 16:51:49 ERROR 23/12/06 16:51:50 WARN NativeCodeLoader: Unable to load native-hadoop library for your platform... using builtin-java classes where applicable[0m
2023.12.06 16:51:51 ERROR WARNING: An illegal reflective access operation has occurred[0m
2023.12.06 16:51:51 ERROR WARNING: Illegal reflective access by org.apache.spark.unsafe.Platform (file:/home/bsoleille/.cache/coursier/v1/https/repo1.maven.org/maven2/org/apache/spark/spark-unsafe_2.13/3.5.0/spark-unsafe_2.13-3.5.0.jar) to constructor java.nio.DirectByteBuffer(long,int)[0m
2023.12.06 16:51:51 ERROR WARNING: Please consider reporting this to the maintainers of org.apache.spark.unsafe.Platform[0m
2023.12.06 16:51:51 ERROR WARNING: Use --illegal-access=warn to enable warnings of further illegal reflective access operations[0m
2023.12.06 16:51:51 ERROR WARNING: All illegal access operations will be denied in a future release[0m
2023.12.06 16:55:45 INFO  time: code lens generation in 1.65s[0m
2023.12.06 16:55:55 INFO  running '/home/bsoleille/.cache/coursier/arc/https/github.com/adoptium/temurin11-binaries/releases/download/jdk-11.0.20%252B8/OpenJDK11U-jdk_x64_linux_hotspot_11.0.20_8.tar.gz/jdk-11.0.20+8/bin/java -Djline.terminal=jline.UnsupportedTerminal -Dsbt.log.noformat=true -Dfile.encoding=UTF-8 -jar /tmp/metals13871106202248640554/sbt-launch.jar -Dbloop.export-jar-classifiers=sources bloopInstall'[0m
2023.12.06 16:55:56 INFO  [info] welcome to sbt 1.9.6 (Eclipse Adoptium Java 11.0.20)[0m
2023.12.06 16:55:56 INFO  [info] loading settings for project project-effective-scala-c1-s14-3039-4085-build-build from metals.sbt ...[0m
2023.12.06 16:55:56 INFO  [info] loading project definition from /home/bsoleille/gitea/project-effective-scala-c1-s14-3039-4085/project/project[0m
2023.12.06 16:55:57 INFO  [info] loading settings for project project-effective-scala-c1-s14-3039-4085-build from metals.sbt ...[0m
2023.12.06 16:55:57 INFO  [info] loading project definition from /home/bsoleille/gitea/project-effective-scala-c1-s14-3039-4085/project[0m
2023.12.06 16:55:58 INFO  [success] Generated .bloop/project-effective-scala-c1-s14-3039-4085-build.json[0m
2023.12.06 16:55:58 INFO  [success] Total time: 1 s, completed Dec 6, 2023, 4:55:58 PM[0m
2023.12.06 16:55:58 INFO  [info] loading settings for project project-effective-scala-c1-s14-3039-4085 from build.sbt ...[0m
2023.12.06 16:55:58 INFO  [info] set current project to myScala3Project (in build file:/home/bsoleille/gitea/project-effective-scala-c1-s14-3039-4085/)[0m
2023.12.06 16:55:58 INFO  [success] Generated .bloop/project-effective-scala-c1-s14-3039-4085.json[0m
2023.12.06 16:55:58 INFO  [success] Generated .bloop/project-effective-scala-c1-s14-3039-4085-test.json[0m
2023.12.06 16:55:58 INFO  [success] Total time: 1 s, completed Dec 6, 2023, 4:55:59 PM[0m
2023.12.06 16:55:59 INFO  time: ran 'sbt bloopInstall' in 4.44s[0m
2023.12.06 16:55:59 INFO  Disconnecting from Bloop session...[0m
2023.12.06 16:55:59 INFO  Shut down connection with build server.[0m
2023.12.06 16:55:59 INFO  Shut down connection with build server.[0m
2023.12.06 16:55:59 INFO  Attempting to connect to the build server...[0m
2023.12.06 16:55:59 INFO  Bloop uses /home/bsoleille/.cache/coursier/arc/https/github.com/adoptium/temurin11-binaries/releases/download/jdk-11.0.20%252B8/OpenJDK11U-jdk_x64_linux_hotspot_11.0.20_8.tar.gz/jdk-11.0.20+8 defined at /home/bsoleille/.bloop/bloop.json[0m
2023.12.06 16:55:59 INFO  tracing is disabled for protocol BSP, to enable tracing of incoming and outgoing JSON messages create an empty file at /home/bsoleille/gitea/project-effective-scala-c1-s14-3039-4085/.metals/bsp.trace.json or /home/bsoleille/.cache/metals/bsp.trace.json[0m
2023.12.06 16:55:59 INFO  Attempting to connect to the build server...[0m
2023.12.06 16:55:59 INFO  Bloop uses /home/bsoleille/.cache/coursier/arc/https/github.com/adoptium/temurin11-binaries/releases/download/jdk-11.0.20%252B8/OpenJDK11U-jdk_x64_linux_hotspot_11.0.20_8.tar.gz/jdk-11.0.20+8 defined at /home/bsoleille/.bloop/bloop.json[0m
2023.12.06 16:55:59 INFO  tracing is disabled for protocol BSP, to enable tracing of incoming and outgoing JSON messages create an empty file at /home/bsoleille/gitea/project-effective-scala-c1-s14-3039-4085/project/.metals/bsp.trace.json or /home/bsoleille/.cache/metals/bsp.trace.json[0m
2023.12.06 16:55:59 INFO  time: Connected to build server in 0.12s[0m
2023.12.06 16:55:59 INFO  Connected to Build server: Bloop v1.5.11[0m
2023.12.06 16:56:01 INFO  time: indexed workspace in 1.32s[0m
2023.12.06 16:56:13 INFO  Disconnecting from Bloop session...[0m
2023.12.06 16:56:13 INFO  Shut down connection with build server.[0m
2023.12.06 16:56:13 INFO  Shut down connection with build server.[0m
2023.12.06 16:56:13 INFO  Deleted directories inside .bloop[0m
2023.12.06 16:56:13 INFO  Attempting to connect to the build server...[0m
2023.12.06 16:56:13 INFO  Bloop uses /home/bsoleille/.cache/coursier/arc/https/github.com/adoptium/temurin11-binaries/releases/download/jdk-11.0.20%252B8/OpenJDK11U-jdk_x64_linux_hotspot_11.0.20_8.tar.gz/jdk-11.0.20+8 defined at /home/bsoleille/.bloop/bloop.json[0m
2023.12.06 16:56:13 INFO  Canceling debug proxy for [app.RoutesMain][0m
2023.12.06 16:56:14 INFO  tracing is disabled for protocol BSP, to enable tracing of incoming and outgoing JSON messages create an empty file at /home/bsoleille/gitea/project-effective-scala-c1-s14-3039-4085/.metals/bsp.trace.json or /home/bsoleille/.cache/metals/bsp.trace.json[0m
2023.12.06 16:56:14 INFO  Attempting to connect to the build server...[0m
2023.12.06 16:56:14 INFO  Bloop uses /home/bsoleille/.cache/coursier/arc/https/github.com/adoptium/temurin11-binaries/releases/download/jdk-11.0.20%252B8/OpenJDK11U-jdk_x64_linux_hotspot_11.0.20_8.tar.gz/jdk-11.0.20+8 defined at /home/bsoleille/.bloop/bloop.json[0m
2023.12.06 16:56:14 INFO  tracing is disabled for protocol BSP, to enable tracing of incoming and outgoing JSON messages create an empty file at /home/bsoleille/gitea/project-effective-scala-c1-s14-3039-4085/project/.metals/bsp.trace.json or /home/bsoleille/.cache/metals/bsp.trace.json[0m
2023.12.06 16:56:14 INFO  time: Connected to build server in 1.15s[0m
2023.12.06 16:56:14 INFO  Connected to Build server: Bloop v1.5.11[0m
2023.12.06 16:56:15 INFO  time: indexed workspace in 1.25s[0m
2023.12.06 16:57:29 INFO  compiling project-effective-scala-c1-s14-3039-4085 (7 scala sources)[0m
2023.12.06 16:57:31 INFO  Disconnecting from Bloop session...[0m
2023.12.06 16:57:31 INFO  Cancelling compilation on Bloop server[0m
2023.12.06 16:57:31 INFO  Shut down connection with build server.[0m
2023.12.06 16:57:31 INFO  Shut down connection with build server.[0m
Dec 06, 2023 4:57:31 PM org.eclipse.lsp4j.jsonrpc.RemoteEndpoint notify
INFO: Failed to send notification message.
org.eclipse.lsp4j.jsonrpc.JsonRpcException: java.nio.channels.AsynchronousCloseException
	at org.eclipse.lsp4j.jsonrpc.json.StreamMessageConsumer.consume(StreamMessageConsumer.java:72)
	at scala.meta.internal.metals.RequestMonitorImpl$$anon$1.consume(ServerLivenessMonitor.scala:41)
	at org.eclipse.lsp4j.jsonrpc.RemoteEndpoint.notify(RemoteEndpoint.java:126)
	at org.eclipse.lsp4j.jsonrpc.RemoteEndpoint.sendCancelNotification(RemoteEndpoint.java:180)
	at org.eclipse.lsp4j.jsonrpc.RemoteEndpoint$1.cancel(RemoteEndpoint.java:150)
	at scala.meta.internal.metals.BuildServerConnection.$anonfun$register$2(BuildServerConnection.scala:361)
	at scala.runtime.java8.JFunction0$mcZ$sp.apply(JFunction0$mcZ$sp.scala:17)
	at scala.util.Try$.apply(Try.scala:210)
	at scala.meta.internal.metals.BuildServerConnection.$anonfun$register$1(BuildServerConnection.scala:361)
	at scala.meta.internal.metals.Cancelable$$anon$1.cancel(Cancelable.scala:18)
	at scala.meta.internal.metals.Cancelable$.$anonfun$cancelAll$1(Cancelable.scala:29)
	at scala.collection.immutable.List.foreach(List.scala:333)
	at scala.meta.internal.metals.Cancelable$.cancelAll(Cancelable.scala:28)
	at scala.meta.internal.metals.MutableCancelable.cancel(MutableCancelable.scala:25)
	at scala.meta.internal.metals.BuildServerConnection.cancel(BuildServerConnection.scala:301)
	at scala.meta.internal.metals.BuildServerConnection.$anonfun$shutdown$1(BuildServerConnection.scala:139)
	at scala.meta.internal.metals.BuildServerConnection.$anonfun$shutdown$1$adapted(BuildServerConnection.scala:131)
	at scala.concurrent.impl.Promise$Transformation.run(Promise.scala:467)
	at java.base/java.util.concurrent.ThreadPoolExecutor.runWorker(ThreadPoolExecutor.java:1128)
	at java.base/java.util.concurrent.ThreadPoolExecutor$Worker.run(ThreadPoolExecutor.java:628)
	at java.base/java.lang.Thread.run(Thread.java:829)
Caused by: java.nio.channels.AsynchronousCloseException
	at java.base/java.nio.channels.spi.AbstractInterruptibleChannel.end(AbstractInterruptibleChannel.java:202)
	at java.base/sun.nio.ch.SinkChannelImpl.endWrite(SinkChannelImpl.java:241)
	at java.base/sun.nio.ch.SinkChannelImpl.write(SinkChannelImpl.java:259)
	at java.base/java.nio.channels.Channels.writeFullyImpl(Channels.java:74)
	at java.base/java.nio.channels.Channels.writeFully(Channels.java:94)
	at java.base/java.nio.channels.Channels$1.write(Channels.java:172)
	at java.base/java.io.OutputStream.write(OutputStream.java:122)
	at java.base/java.nio.channels.Channels$1.write(Channels.java:152)
	at scala.meta.internal.metals.ClosableOutputStream.write(ClosableOutputStream.scala:26)
	at java.base/java.io.FilterOutputStream.write(FilterOutputStream.java:137)
	at java.base/java.io.FilterOutputStream.write(FilterOutputStream.java:108)
	at org.eclipse.lsp4j.jsonrpc.json.StreamMessageConsumer.consume(StreamMessageConsumer.java:67)
	... 20 more

2023.12.06 16:57:31 INFO  Bloop should support `buildTarget/jvmRunEnvironment`, but it fails.[0m
2023.12.06 16:57:31 INFO  Failed to run request with params ScalaTestClassesResult[0m
2023.12.06 16:57:31 INFO  Deleted directories inside .bloop[0m
2023.12.06 16:57:31 INFO  Attempting to connect to the build server...[0m
2023.12.06 16:57:31 INFO  Bloop uses /home/bsoleille/.cache/coursier/arc/https/github.com/adoptium/temurin11-binaries/releases/download/jdk-11.0.20%252B8/OpenJDK11U-jdk_x64_linux_hotspot_11.0.20_8.tar.gz/jdk-11.0.20+8 defined at /home/bsoleille/.bloop/bloop.json[0m
2023.12.06 16:57:31 INFO  tracing is disabled for protocol BSP, to enable tracing of incoming and outgoing JSON messages create an empty file at /home/bsoleille/gitea/project-effective-scala-c1-s14-3039-4085/.metals/bsp.trace.json or /home/bsoleille/.cache/metals/bsp.trace.json[0m
2023.12.06 16:57:32 INFO  Attempting to connect to the build server...[0m
2023.12.06 16:57:32 INFO  Bloop uses /home/bsoleille/.cache/coursier/arc/https/github.com/adoptium/temurin11-binaries/releases/download/jdk-11.0.20%252B8/OpenJDK11U-jdk_x64_linux_hotspot_11.0.20_8.tar.gz/jdk-11.0.20+8 defined at /home/bsoleille/.bloop/bloop.json[0m
2023.12.06 16:57:32 INFO  tracing is disabled for protocol BSP, to enable tracing of incoming and outgoing JSON messages create an empty file at /home/bsoleille/gitea/project-effective-scala-c1-s14-3039-4085/project/.metals/bsp.trace.json or /home/bsoleille/.cache/metals/bsp.trace.json[0m
2023.12.06 16:57:32 INFO  time: Connected to build server in 1.08s[0m
2023.12.06 16:57:32 INFO  Connected to Build server: Bloop v1.5.11[0m
2023.12.06 16:57:33 INFO  time: indexed workspace in 1.27s[0m
2023.12.06 16:57:34 INFO  compiling project-effective-scala-c1-s14-3039-4085 (7 scala sources)[0m
2023.12.06 16:57:40 INFO  compiling project-effective-scala-c1-s14-3039-4085-test (7 scala sources)[0m
2023.12.06 16:57:40 INFO  time: compiled project-effective-scala-c1-s14-3039-4085 in 6.31s[0m
2023.12.06 16:57:40 INFO  time: compiled project-effective-scala-c1-s14-3039-4085-test in 0.96s[0m
2023.12.06 16:57:53 INFO  tracing is disabled for protocol dap-server, to enable tracing of incoming and outgoing JSON messages create an empty file at /home/bsoleille/gitea/project-effective-scala-c1-s14-3039-4085/.metals/dap-server.trace.json or /home/bsoleille/.cache/metals/dap-server.trace.json[0m
2023.12.06 16:57:53 INFO  tracing is disabled for protocol dap-client, to enable tracing of incoming and outgoing JSON messages create an empty file at /home/bsoleille/gitea/project-effective-scala-c1-s14-3039-4085/.metals/dap-client.trace.json or /home/bsoleille/.cache/metals/dap-client.trace.json[0m
2023.12.06 16:57:53 INFO  Starting debug proxy for [app.RoutesMain][0m
2023.12.06 16:57:54 INFO  Loaded expression compiler in 448 milliseconds[0m
2023.12.06 16:57:54 INFO  /home/bsoleille/.cache/coursier/v1/https/repo1.maven.org/maven2/ch/epfl/scala/scala-debug-step-filter_3/3.1.4/scala-debug-step-filter_3-3.1.4.jar[0m
2023.12.06 16:57:54 INFO  /home/bsoleille/.cache/coursier/v1/https/repo1.maven.org/maven2/org/scala-lang/tasty-core_3/3.3.1/tasty-core_3-3.3.1.jar[0m
2023.12.06 16:57:54 INFO  /home/bsoleille/.cache/coursier/v1/https/repo1.maven.org/maven2/org/scala-lang/scala3-library_3/3.3.1/scala3-library_3-3.3.1.jar[0m
2023.12.06 16:57:54 INFO  /home/bsoleille/.cache/coursier/v1/https/repo1.maven.org/maven2/ch/epfl/scala/tasty-query_3/0.8.4/tasty-query_3-0.8.4.jar[0m
2023.12.06 16:57:54 INFO  /home/bsoleille/.cache/coursier/v1/https/repo1.maven.org/maven2/org/scala-lang/scala-library/2.13.10/scala-library-2.13.10.jar[0m
2023.12.06 16:57:54 INFO  Loaded step filter in 22 milliseconds[0m
2023.12.06 16:57:55 INFO  Loaded all sources and classes in 1 second[0m
2023.12.06 16:57:57 INFO  Trying to attach to remote debuggee VM localhost:34863 .[0m
2023.12.06 16:57:57 INFO  Attaching to debuggee VM succeeded.[0m
2023.12.06 16:57:57 ERROR 23/12/06 16:57:58 WARN Utils: Your hostname, CN3126CH011005 resolves to a loopback address: 127.0.1.1; using 10.25.86.80 instead (on interface enp0s31f6)[0m
2023.12.06 16:57:57 ERROR 23/12/06 16:57:58 WARN Utils: Set SPARK_LOCAL_IP if you need to bind to another address[0m
2023.12.06 16:57:59 ERROR 23/12/06 16:57:59 INFO SparkContext: Running Spark version 3.5.0[0m
2023.12.06 16:57:59 ERROR 23/12/06 16:57:59 INFO SparkContext: OS info Linux, 6.2.0-37-generic, amd64[0m
2023.12.06 16:57:59 ERROR 23/12/06 16:57:59 INFO SparkContext: Java version 11.0.20[0m
2023.12.06 16:57:59 ERROR 23/12/06 16:57:59 WARN NativeCodeLoader: Unable to load native-hadoop library for your platform... using builtin-java classes where applicable[0m
2023.12.06 16:57:59 ERROR WARNING: An illegal reflective access operation has occurred[0m
2023.12.06 16:57:59 ERROR WARNING: Illegal reflective access by org.apache.spark.unsafe.Platform (file:/home/bsoleille/.cache/coursier/v1/https/repo1.maven.org/maven2/org/apache/spark/spark-unsafe_2.13/3.5.0/spark-unsafe_2.13-3.5.0.jar) to constructor java.nio.DirectByteBuffer(long,int)[0m
2023.12.06 16:57:59 ERROR WARNING: Please consider reporting this to the maintainers of org.apache.spark.unsafe.Platform[0m
2023.12.06 16:57:59 ERROR WARNING: Use --illegal-access=warn to enable warnings of further illegal reflective access operations[0m
2023.12.06 16:57:59 ERROR WARNING: All illegal access operations will be denied in a future release[0m
2023.12.06 16:57:59 ERROR 23/12/06 16:57:59 WARN Utils: Service 'SparkUI' could not bind on port 4040. Attempting port 4041.[0m
2023.12.06 16:57:59 ERROR Exception in thread "main" java.lang.RuntimeException: java.net.BindException: Address already in use[0m
2023.12.06 16:57:59 ERROR 	at io.undertow.Undertow.start(Undertow.java:254)[0m
2023.12.06 16:57:59 ERROR 	at cask.main.Main.main(Main.scala:69)[0m
2023.12.06 16:57:59 ERROR 	at app.RoutesMain.main(MyApp.scala)[0m
2023.12.06 16:57:59 ERROR Caused by: java.net.BindException: Address already in use[0m
2023.12.06 16:57:59 ERROR 	at java.base/sun.nio.ch.Net.bind0(Native Method)[0m
2023.12.06 16:57:59 ERROR 	at java.base/sun.nio.ch.Net.bind(Net.java:459)[0m
2023.12.06 16:57:59 ERROR 	at java.base/sun.nio.ch.Net.bind(Net.java:448)[0m
2023.12.06 16:57:59 ERROR 	at java.base/sun.nio.ch.ServerSocketChannelImpl.bind(ServerSocketChannelImpl.java:227)[0m
2023.12.06 16:57:59 ERROR 	at java.base/sun.nio.ch.ServerSocketAdaptor.bind(ServerSocketAdaptor.java:80)[0m
2023.12.06 16:57:59 ERROR 	at org.xnio.nio.NioXnioWorker.createTcpConnectionServer(NioXnioWorker.java:178)[0m
2023.12.06 16:57:59 ERROR 	at org.xnio.XnioWorker.createStreamConnectionServer(XnioWorker.java:310)[0m
2023.12.06 16:57:59 ERROR 	at io.undertow.Undertow.start(Undertow.java:196)[0m
2023.12.06 16:57:59 ERROR 	... 2 more[0m
2023.12.06 16:58:00 INFO  Canceling debug proxy for [app.RoutesMain][0m
2023.12.06 16:58:00 INFO  Closing debug server tcp://0.0.0.0:35907[0m
2023.12.06 16:59:59 INFO  Disconnecting from Bloop session...[0m
2023.12.06 16:59:59 INFO  Shut down connection with build server.[0m
2023.12.06 16:59:59 INFO  Shut down connection with build server.[0m
2023.12.06 16:59:59 INFO  Deleted directories inside .bloop[0m
2023.12.06 16:59:59 INFO  Attempting to connect to the build server...[0m
2023.12.06 16:59:59 INFO  Bloop uses /home/bsoleille/.cache/coursier/arc/https/github.com/adoptium/temurin11-binaries/releases/download/jdk-11.0.20%252B8/OpenJDK11U-jdk_x64_linux_hotspot_11.0.20_8.tar.gz/jdk-11.0.20+8 defined at /home/bsoleille/.bloop/bloop.json[0m
2023.12.06 17:00:00 INFO  tracing is disabled for protocol BSP, to enable tracing of incoming and outgoing JSON messages create an empty file at /home/bsoleille/gitea/project-effective-scala-c1-s14-3039-4085/.metals/bsp.trace.json or /home/bsoleille/.cache/metals/bsp.trace.json[0m
2023.12.06 17:00:00 INFO  Attempting to connect to the build server...[0m
2023.12.06 17:00:00 INFO  Bloop uses /home/bsoleille/.cache/coursier/arc/https/github.com/adoptium/temurin11-binaries/releases/download/jdk-11.0.20%252B8/OpenJDK11U-jdk_x64_linux_hotspot_11.0.20_8.tar.gz/jdk-11.0.20+8 defined at /home/bsoleille/.bloop/bloop.json[0m
2023.12.06 17:00:00 INFO  tracing is disabled for protocol BSP, to enable tracing of incoming and outgoing JSON messages create an empty file at /home/bsoleille/gitea/project-effective-scala-c1-s14-3039-4085/project/.metals/bsp.trace.json or /home/bsoleille/.cache/metals/bsp.trace.json[0m
2023.12.06 17:00:00 INFO  time: Connected to build server in 1.11s[0m
2023.12.06 17:00:00 INFO  Connected to Build server: Bloop v1.5.11[0m
2023.12.06 17:00:01 INFO  time: indexed workspace in 1.19s[0m
2023.12.06 17:00:02 INFO  compiling project-effective-scala-c1-s14-3039-4085 (7 scala sources)[0m
2023.12.06 17:00:08 INFO  compiling project-effective-scala-c1-s14-3039-4085-test (7 scala sources)[0m
2023.12.06 17:00:08 INFO  time: compiled project-effective-scala-c1-s14-3039-4085 in 6.22s[0m
2023.12.06 17:00:09 INFO  time: compiled project-effective-scala-c1-s14-3039-4085-test in 1.05s[0m
2023.12.06 17:00:17 INFO  tracing is disabled for protocol dap-server, to enable tracing of incoming and outgoing JSON messages create an empty file at /home/bsoleille/gitea/project-effective-scala-c1-s14-3039-4085/.metals/dap-server.trace.json or /home/bsoleille/.cache/metals/dap-server.trace.json[0m
2023.12.06 17:00:17 INFO  tracing is disabled for protocol dap-client, to enable tracing of incoming and outgoing JSON messages create an empty file at /home/bsoleille/gitea/project-effective-scala-c1-s14-3039-4085/.metals/dap-client.trace.json or /home/bsoleille/.cache/metals/dap-client.trace.json[0m
2023.12.06 17:00:17 INFO  Starting debug proxy for [app.RoutesMain][0m
2023.12.06 17:00:18 INFO  Loaded expression compiler in 468 milliseconds[0m
2023.12.06 17:00:18 INFO  /home/bsoleille/.cache/coursier/v1/https/repo1.maven.org/maven2/ch/epfl/scala/scala-debug-step-filter_3/3.1.4/scala-debug-step-filter_3-3.1.4.jar[0m
2023.12.06 17:00:18 INFO  /home/bsoleille/.cache/coursier/v1/https/repo1.maven.org/maven2/org/scala-lang/tasty-core_3/3.3.1/tasty-core_3-3.3.1.jar[0m
2023.12.06 17:00:18 INFO  /home/bsoleille/.cache/coursier/v1/https/repo1.maven.org/maven2/org/scala-lang/scala3-library_3/3.3.1/scala3-library_3-3.3.1.jar[0m
2023.12.06 17:00:18 INFO  /home/bsoleille/.cache/coursier/v1/https/repo1.maven.org/maven2/ch/epfl/scala/tasty-query_3/0.8.4/tasty-query_3-0.8.4.jar[0m
2023.12.06 17:00:18 INFO  /home/bsoleille/.cache/coursier/v1/https/repo1.maven.org/maven2/org/scala-lang/scala-library/2.13.10/scala-library-2.13.10.jar[0m
2023.12.06 17:00:18 INFO  Loaded step filter in 20 milliseconds[0m
2023.12.06 17:00:19 INFO  Loaded all sources and classes in 1 second[0m
2023.12.06 17:00:21 INFO  Trying to attach to remote debuggee VM localhost:42435 .[0m
2023.12.06 17:00:21 INFO  Attaching to debuggee VM succeeded.[0m
2023.12.06 17:00:21 ERROR 23/12/06 17:00:22 WARN Utils: Your hostname, CN3126CH011005 resolves to a loopback address: 127.0.1.1; using 10.25.86.80 instead (on interface enp0s31f6)[0m
2023.12.06 17:00:21 ERROR 23/12/06 17:00:22 WARN Utils: Set SPARK_LOCAL_IP if you need to bind to another address[0m
2023.12.06 17:00:21 ERROR 23/12/06 17:00:22 INFO SparkContext: Running Spark version 3.5.0[0m
2023.12.06 17:00:21 ERROR 23/12/06 17:00:22 INFO SparkContext: OS info Linux, 6.2.0-37-generic, amd64[0m
2023.12.06 17:00:21 ERROR 23/12/06 17:00:22 INFO SparkContext: Java version 11.0.20[0m
2023.12.06 17:00:22 ERROR 23/12/06 17:00:22 WARN NativeCodeLoader: Unable to load native-hadoop library for your platform... using builtin-java classes where applicable[0m
2023.12.06 17:00:22 ERROR WARNING: An illegal reflective access operation has occurred[0m
2023.12.06 17:00:22 ERROR WARNING: Illegal reflective access by org.apache.spark.unsafe.Platform (file:/home/bsoleille/.cache/coursier/v1/https/repo1.maven.org/maven2/org/apache/spark/spark-unsafe_2.13/3.5.0/spark-unsafe_2.13-3.5.0.jar) to constructor java.nio.DirectByteBuffer(long,int)[0m
2023.12.06 17:00:22 ERROR WARNING: Please consider reporting this to the maintainers of org.apache.spark.unsafe.Platform[0m
2023.12.06 17:00:22 ERROR WARNING: Use --illegal-access=warn to enable warnings of further illegal reflective access operations[0m
2023.12.06 17:00:22 ERROR WARNING: All illegal access operations will be denied in a future release[0m
2023.12.06 17:00:22 ERROR 23/12/06 17:00:23 WARN Utils: Service 'SparkUI' could not bind on port 4040. Attempting port 4041.[0m
2023.12.06 17:00:22 ERROR Exception in thread "main" java.lang.RuntimeException: java.net.BindException: Address already in use[0m
2023.12.06 17:00:22 ERROR 	at io.undertow.Undertow.start(Undertow.java:254)[0m
2023.12.06 17:00:22 ERROR 	at cask.main.Main.main(Main.scala:69)[0m
2023.12.06 17:00:22 ERROR 	at app.RoutesMain.main(MyApp.scala)[0m
2023.12.06 17:00:22 ERROR Caused by: java.net.BindException: Address already in use[0m
2023.12.06 17:00:22 ERROR 	at java.base/sun.nio.ch.Net.bind0(Native Method)[0m
2023.12.06 17:00:22 ERROR 	at java.base/sun.nio.ch.Net.bind(Net.java:459)[0m
2023.12.06 17:00:22 ERROR 	at java.base/sun.nio.ch.Net.bind(Net.java:448)[0m
2023.12.06 17:00:22 ERROR 	at java.base/sun.nio.ch.ServerSocketChannelImpl.bind(ServerSocketChannelImpl.java:227)[0m
2023.12.06 17:00:22 ERROR 	at java.base/sun.nio.ch.ServerSocketAdaptor.bind(ServerSocketAdaptor.java:80)[0m
2023.12.06 17:00:22 ERROR 	at org.xnio.nio.NioXnioWorker.createTcpConnectionServer(NioXnioWorker.java:178)[0m
2023.12.06 17:00:22 ERROR 	at org.xnio.XnioWorker.createStreamConnectionServer(XnioWorker.java:310)[0m
2023.12.06 17:00:22 ERROR 	at io.undertow.Undertow.start(Undertow.java:196)[0m
2023.12.06 17:00:22 ERROR 	... 2 more[0m
2023.12.06 17:00:23 INFO  Canceling debug proxy for [app.RoutesMain][0m
2023.12.06 17:00:22 INFO  Closing debug server tcp://0.0.0.0:40455[0m
2023.12.06 17:00:45 INFO  Shutting down server[0m
2023.12.06 17:00:45 INFO  shutting down Metals[0m
2023.12.06 17:00:45 INFO  Shut down connection with build server.[0m
2023.12.06 17:00:45 INFO  Shut down connection with build server.[0m
2023.12.06 17:00:45 INFO  Exiting server[0m
2023.12.06 17:01:12 INFO  Started: Metals version 1.1.0 in folders '/home/bsoleille/gitea/project-effective-scala-c1-s14-3039-4085' for client Visual Studio Code 1.84.2.[0m
2023.12.06 17:01:13 INFO  Attempting to connect to the build server...[0m
2023.12.06 17:01:13 INFO  Bloop uses /home/bsoleille/.cache/coursier/arc/https/github.com/adoptium/temurin11-binaries/releases/download/jdk-11.0.20%252B8/OpenJDK11U-jdk_x64_linux_hotspot_11.0.20_8.tar.gz/jdk-11.0.20+8 defined at /home/bsoleille/.bloop/bloop.json[0m
2023.12.06 17:01:13 INFO  tracing is disabled for protocol BSP, to enable tracing of incoming and outgoing JSON messages create an empty file at /home/bsoleille/gitea/project-effective-scala-c1-s14-3039-4085/.metals/bsp.trace.json or /home/bsoleille/.cache/metals/bsp.trace.json[0m
2023.12.06 17:01:13 INFO  Attempting to connect to the build server...[0m
2023.12.06 17:01:13 INFO  Bloop uses /home/bsoleille/.cache/coursier/arc/https/github.com/adoptium/temurin11-binaries/releases/download/jdk-11.0.20%252B8/OpenJDK11U-jdk_x64_linux_hotspot_11.0.20_8.tar.gz/jdk-11.0.20+8 defined at /home/bsoleille/.bloop/bloop.json[0m
2023.12.06 17:01:13 INFO  tracing is disabled for protocol BSP, to enable tracing of incoming and outgoing JSON messages create an empty file at /home/bsoleille/gitea/project-effective-scala-c1-s14-3039-4085/project/.metals/bsp.trace.json or /home/bsoleille/.cache/metals/bsp.trace.json[0m
2023.12.06 17:01:13 INFO  time: Connected to build server in 0.46s[0m
2023.12.06 17:01:13 INFO  Connected to Build server: Bloop v1.5.11[0m
2023.12.06 17:01:14 INFO  time: Imported build in 0.13s[0m
Dec 06, 2023 5:01:14 PM org.eclipse.lsp4j.jsonrpc.RemoteEndpoint handleCancellation
WARNING: Unmatched cancel notification for request id 7
2023.12.06 17:01:15 INFO  no build target found for /home/bsoleille/gitea/project-effective-scala-c1-s14-3039-4085/src/main/scala/web/WebServer.scala. Using presentation compiler with project's scala-library version: 3.3.1[0m
2023.12.06 17:01:17 INFO  running '/home/bsoleille/.cache/coursier/arc/https/github.com/adoptium/temurin11-binaries/releases/download/jdk-11.0.20%252B8/OpenJDK11U-jdk_x64_linux_hotspot_11.0.20_8.tar.gz/jdk-11.0.20+8/bin/java -Djline.terminal=jline.UnsupportedTerminal -Dsbt.log.noformat=true -Dfile.encoding=UTF-8 -jar /tmp/metals10807110454762193742/sbt-launch.jar -Dbloop.export-jar-classifiers=sources bloopInstall'[0m
2023.12.06 17:01:18 INFO  [info] welcome to sbt 1.9.6 (Eclipse Adoptium Java 11.0.20)[0m
2023.12.06 17:01:18 INFO  [info] loading settings for project project-effective-scala-c1-s14-3039-4085-build-build from metals.sbt ...[0m
2023.12.06 17:01:18 INFO  time: indexed workspace in 4.61s[0m
2023.12.06 17:01:19 INFO  [info] loading project definition from /home/bsoleille/gitea/project-effective-scala-c1-s14-3039-4085/project/project[0m
2023.12.06 17:01:19 INFO  [info] loading settings for project project-effective-scala-c1-s14-3039-4085-build from metals.sbt ...[0m
2023.12.06 17:01:19 INFO  [info] loading project definition from /home/bsoleille/gitea/project-effective-scala-c1-s14-3039-4085/project[0m
2023.12.06 17:01:22 INFO  [success] Generated .bloop/project-effective-scala-c1-s14-3039-4085-build.json[0m
2023.12.06 17:01:22 INFO  [success] Total time: 2 s, completed Dec 6, 2023, 5:01:22 PM[0m
2023.12.06 17:01:22 INFO  [info] loading settings for project project-effective-scala-c1-s14-3039-4085 from build.sbt ...[0m
2023.12.06 17:01:22 INFO  [info] set current project to myScala3Project (in build file:/home/bsoleille/gitea/project-effective-scala-c1-s14-3039-4085/)[0m
2023.12.06 17:01:22 INFO  [success] Generated .bloop/project-effective-scala-c1-s14-3039-4085-test.json[0m
2023.12.06 17:01:22 INFO  [success] Generated .bloop/project-effective-scala-c1-s14-3039-4085.json[0m
2023.12.06 17:01:22 INFO  [success] Total time: 1 s, completed Dec 6, 2023, 5:01:22 PM[0m
2023.12.06 17:01:23 INFO  time: ran 'sbt bloopInstall' in 6.25s[0m
2023.12.06 17:01:23 INFO  Disconnecting from Bloop session...[0m
2023.12.06 17:01:23 INFO  Shut down connection with build server.[0m
2023.12.06 17:01:23 INFO  Shut down connection with build server.[0m
2023.12.06 17:01:23 INFO  Attempting to connect to the build server...[0m
2023.12.06 17:01:23 INFO  Bloop uses /home/bsoleille/.cache/coursier/arc/https/github.com/adoptium/temurin11-binaries/releases/download/jdk-11.0.20%252B8/OpenJDK11U-jdk_x64_linux_hotspot_11.0.20_8.tar.gz/jdk-11.0.20+8 defined at /home/bsoleille/.bloop/bloop.json[0m
2023.12.06 17:01:23 INFO  tracing is disabled for protocol BSP, to enable tracing of incoming and outgoing JSON messages create an empty file at /home/bsoleille/gitea/project-effective-scala-c1-s14-3039-4085/.metals/bsp.trace.json or /home/bsoleille/.cache/metals/bsp.trace.json[0m
2023.12.06 17:01:23 INFO  Attempting to connect to the build server...[0m
2023.12.06 17:01:23 INFO  Bloop uses /home/bsoleille/.cache/coursier/arc/https/github.com/adoptium/temurin11-binaries/releases/download/jdk-11.0.20%252B8/OpenJDK11U-jdk_x64_linux_hotspot_11.0.20_8.tar.gz/jdk-11.0.20+8 defined at /home/bsoleille/.bloop/bloop.json[0m
2023.12.06 17:01:23 INFO  tracing is disabled for protocol BSP, to enable tracing of incoming and outgoing JSON messages create an empty file at /home/bsoleille/gitea/project-effective-scala-c1-s14-3039-4085/project/.metals/bsp.trace.json or /home/bsoleille/.cache/metals/bsp.trace.json[0m
2023.12.06 17:01:23 INFO  time: Connected to build server in 0.12s[0m
2023.12.06 17:01:23 INFO  Connected to Build server: Bloop v1.5.11[0m
2023.12.06 17:01:24 INFO  time: indexed workspace in 1.35s[0m
2023.12.06 17:01:30 INFO  tracing is disabled for protocol dap-server, to enable tracing of incoming and outgoing JSON messages create an empty file at /home/bsoleille/gitea/project-effective-scala-c1-s14-3039-4085/.metals/dap-server.trace.json or /home/bsoleille/.cache/metals/dap-server.trace.json[0m
2023.12.06 17:01:30 INFO  tracing is disabled for protocol dap-client, to enable tracing of incoming and outgoing JSON messages create an empty file at /home/bsoleille/gitea/project-effective-scala-c1-s14-3039-4085/.metals/dap-client.trace.json or /home/bsoleille/.cache/metals/dap-client.trace.json[0m
2023.12.06 17:01:30 INFO  Starting debug proxy for [app.RoutesMain][0m
2023.12.06 17:01:30 INFO  Loaded expression compiler in 2 milliseconds[0m
2023.12.06 17:01:30 INFO  Loaded step filter in 0 milliseconds[0m
2023.12.06 17:01:30 INFO  Loaded all sources and classes in 906 milliseconds[0m
2023.12.06 17:01:33 INFO  Trying to attach to remote debuggee VM localhost:58379 .[0m
2023.12.06 17:01:33 INFO  Attaching to debuggee VM succeeded.[0m
2023.12.06 17:01:33 ERROR 23/12/06 17:01:34 WARN Utils: Your hostname, CN3126CH011005 resolves to a loopback address: 127.0.1.1; using 10.25.86.80 instead (on interface enp0s31f6)[0m
2023.12.06 17:01:33 ERROR 23/12/06 17:01:34 WARN Utils: Set SPARK_LOCAL_IP if you need to bind to another address[0m
2023.12.06 17:01:33 ERROR 23/12/06 17:01:34 INFO SparkContext: Running Spark version 3.5.0[0m
2023.12.06 17:01:33 ERROR 23/12/06 17:01:34 INFO SparkContext: OS info Linux, 6.2.0-37-generic, amd64[0m
2023.12.06 17:01:33 ERROR 23/12/06 17:01:34 INFO SparkContext: Java version 11.0.20[0m
2023.12.06 17:01:34 ERROR 23/12/06 17:01:34 WARN NativeCodeLoader: Unable to load native-hadoop library for your platform... using builtin-java classes where applicable[0m
2023.12.06 17:01:34 ERROR WARNING: An illegal reflective access operation has occurred[0m
2023.12.06 17:01:34 ERROR WARNING: Illegal reflective access by org.apache.spark.unsafe.Platform (file:/home/bsoleille/.cache/coursier/v1/https/repo1.maven.org/maven2/org/apache/spark/spark-unsafe_2.13/3.5.0/spark-unsafe_2.13-3.5.0.jar) to constructor java.nio.DirectByteBuffer(long,int)[0m
2023.12.06 17:01:34 ERROR WARNING: Please consider reporting this to the maintainers of org.apache.spark.unsafe.Platform[0m
2023.12.06 17:01:34 ERROR WARNING: Use --illegal-access=warn to enable warnings of further illegal reflective access operations[0m
2023.12.06 17:01:34 ERROR WARNING: All illegal access operations will be denied in a future release[0m
2023.12.06 17:01:34 ERROR 23/12/06 17:01:35 WARN Utils: Service 'SparkUI' could not bind on port 4040. Attempting port 4041.[0m
2023.12.06 17:01:34 ERROR Exception in thread "main" java.lang.RuntimeException: java.net.BindException: Address already in use[0m
2023.12.06 17:01:34 ERROR 	at io.undertow.Undertow.start(Undertow.java:254)[0m
2023.12.06 17:01:34 ERROR 	at cask.main.Main.main(Main.scala:69)[0m
2023.12.06 17:01:34 ERROR 	at app.RoutesMain.main(MyApp.scala)[0m
2023.12.06 17:01:34 ERROR Caused by: java.net.BindException: Address already in use[0m
2023.12.06 17:01:34 ERROR 	at java.base/sun.nio.ch.Net.bind0(Native Method)[0m
2023.12.06 17:01:34 ERROR 	at java.base/sun.nio.ch.Net.bind(Net.java:459)[0m
2023.12.06 17:01:34 ERROR 	at java.base/sun.nio.ch.Net.bind(Net.java:448)[0m
2023.12.06 17:01:34 ERROR 	at java.base/sun.nio.ch.ServerSocketChannelImpl.bind(ServerSocketChannelImpl.java:227)[0m
2023.12.06 17:01:34 ERROR 	at java.base/sun.nio.ch.ServerSocketAdaptor.bind(ServerSocketAdaptor.java:80)[0m
2023.12.06 17:01:34 ERROR 	at org.xnio.nio.NioXnioWorker.createTcpConnectionServer(NioXnioWorker.java:178)[0m
2023.12.06 17:01:34 ERROR 	at org.xnio.XnioWorker.createStreamConnectionServer(XnioWorker.java:310)[0m
2023.12.06 17:01:34 ERROR 	at io.undertow.Undertow.start(Undertow.java:196)[0m
2023.12.06 17:01:34 ERROR 	... 2 more[0m
2023.12.06 17:01:34 INFO  Closing debug server tcp://0.0.0.0:40375[0m
2023.12.06 17:01:35 INFO  Canceling debug proxy for [app.RoutesMain][0m
2023.12.06 17:03:40 INFO  Disconnecting from Bloop session...[0m
2023.12.06 17:03:40 INFO  Shut down connection with build server.[0m
2023.12.06 17:03:40 INFO  Shut down connection with build server.[0m
2023.12.06 17:03:40 INFO  Deleted directories inside .bloop[0m
2023.12.06 17:03:40 INFO  Attempting to connect to the build server...[0m
2023.12.06 17:03:40 INFO  Bloop uses /home/bsoleille/.cache/coursier/arc/https/github.com/adoptium/temurin11-binaries/releases/download/jdk-11.0.20%252B8/OpenJDK11U-jdk_x64_linux_hotspot_11.0.20_8.tar.gz/jdk-11.0.20+8 defined at /home/bsoleille/.bloop/bloop.json[0m
2023.12.06 17:03:41 INFO  tracing is disabled for protocol BSP, to enable tracing of incoming and outgoing JSON messages create an empty file at /home/bsoleille/gitea/project-effective-scala-c1-s14-3039-4085/.metals/bsp.trace.json or /home/bsoleille/.cache/metals/bsp.trace.json[0m
2023.12.06 17:03:41 INFO  Attempting to connect to the build server...[0m
2023.12.06 17:03:41 INFO  Bloop uses /home/bsoleille/.cache/coursier/arc/https/github.com/adoptium/temurin11-binaries/releases/download/jdk-11.0.20%252B8/OpenJDK11U-jdk_x64_linux_hotspot_11.0.20_8.tar.gz/jdk-11.0.20+8 defined at /home/bsoleille/.bloop/bloop.json[0m
2023.12.06 17:03:41 INFO  tracing is disabled for protocol BSP, to enable tracing of incoming and outgoing JSON messages create an empty file at /home/bsoleille/gitea/project-effective-scala-c1-s14-3039-4085/project/.metals/bsp.trace.json or /home/bsoleille/.cache/metals/bsp.trace.json[0m
2023.12.06 17:03:41 INFO  time: Connected to build server in 1.13s[0m
2023.12.06 17:03:41 INFO  Connected to Build server: Bloop v1.5.11[0m
2023.12.06 17:03:42 INFO  time: indexed workspace in 1.22s[0m
2023.12.06 17:03:42 INFO  compiling project-effective-scala-c1-s14-3039-4085 (7 scala sources)[0m
2023.12.06 17:03:48 INFO  compiling project-effective-scala-c1-s14-3039-4085-test (7 scala sources)[0m
2023.12.06 17:03:48 INFO  time: compiled project-effective-scala-c1-s14-3039-4085 in 6.08s[0m
2023.12.06 17:03:48 INFO  time: compiled project-effective-scala-c1-s14-3039-4085-test in 0.92s[0m
2023.12.06 17:04:22 INFO  Shutting down server[0m
2023.12.06 17:04:22 INFO  shutting down Metals[0m
2023.12.06 17:04:22 INFO  Shut down connection with build server.[0m
2023.12.06 17:04:22 INFO  Shut down connection with build server.[0m
2023.12.06 17:04:22 INFO  Exiting server[0m
2023.12.06 17:12:28 INFO  Started: Metals version 1.1.0 in folders '/home/bsoleille/gitea/project-effective-scala-c1-s14-3039-4085' for client Visual Studio Code 1.84.2.[0m
2023.12.06 17:12:28 INFO  Attempting to connect to the build server...[0m
2023.12.06 17:12:28 INFO  Bloop uses /home/bsoleille/.cache/coursier/arc/https/github.com/adoptium/temurin11-binaries/releases/download/jdk-11.0.20%252B8/OpenJDK11U-jdk_x64_linux_hotspot_11.0.20_8.tar.gz/jdk-11.0.20+8 defined at /home/bsoleille/.bloop/bloop.json[0m
2023.12.06 17:12:30 INFO  tracing is disabled for protocol BSP, to enable tracing of incoming and outgoing JSON messages create an empty file at /home/bsoleille/gitea/project-effective-scala-c1-s14-3039-4085/.metals/bsp.trace.json or /home/bsoleille/.cache/metals/bsp.trace.json[0m
2023.12.06 17:12:30 INFO  Attempting to connect to the build server...[0m
2023.12.06 17:12:30 INFO  Bloop uses /home/bsoleille/.cache/coursier/arc/https/github.com/adoptium/temurin11-binaries/releases/download/jdk-11.0.20%252B8/OpenJDK11U-jdk_x64_linux_hotspot_11.0.20_8.tar.gz/jdk-11.0.20+8 defined at /home/bsoleille/.bloop/bloop.json[0m
2023.12.06 17:12:30 INFO  tracing is disabled for protocol BSP, to enable tracing of incoming and outgoing JSON messages create an empty file at /home/bsoleille/gitea/project-effective-scala-c1-s14-3039-4085/project/.metals/bsp.trace.json or /home/bsoleille/.cache/metals/bsp.trace.json[0m
2023.12.06 17:12:30 INFO  time: Connected to build server in 2.04s[0m
2023.12.06 17:12:30 INFO  Connected to Build server: Bloop v1.5.11[0m
Dec 06, 2023 5:12:34 PM org.eclipse.lsp4j.jsonrpc.services.GenericEndpoint notify
INFO: Unsupported notification method: $/setTrace
Dec 06, 2023 5:12:35 PM org.eclipse.lsp4j.jsonrpc.services.GenericEndpoint notify
INFO: Unsupported notification method: $/setTrace
Dec 06, 2023 5:12:35 PM org.eclipse.lsp4j.jsonrpc.RemoteEndpoint handleCancellation
WARNING: Unmatched cancel notification for request id 9
2023.12.06 17:12:36 INFO  time: indexed workspace in 5.88s[0m
2023.12.06 17:12:37 INFO  running '/home/bsoleille/.cache/coursier/arc/https/github.com/adoptium/temurin11-binaries/releases/download/jdk-11.0.20%252B8/OpenJDK11U-jdk_x64_linux_hotspot_11.0.20_8.tar.gz/jdk-11.0.20+8/bin/java -Djline.terminal=jline.UnsupportedTerminal -Dsbt.log.noformat=true -Dfile.encoding=UTF-8 -jar /tmp/metals2411070234889216949/sbt-launch.jar -Dbloop.export-jar-classifiers=sources bloopInstall'[0m
2023.12.06 17:12:39 INFO  [info] welcome to sbt 1.9.6 (Eclipse Adoptium Java 11.0.20)[0m
2023.12.06 17:12:39 INFO  [info] loading settings for project project-effective-scala-c1-s14-3039-4085-build-build from metals.sbt ...[0m
2023.12.06 17:12:40 INFO  [info] loading project definition from /home/bsoleille/gitea/project-effective-scala-c1-s14-3039-4085/project/project[0m
2023.12.06 17:12:40 INFO  [info] loading settings for project project-effective-scala-c1-s14-3039-4085-build from metals.sbt ...[0m
2023.12.06 17:12:40 INFO  [info] loading project definition from /home/bsoleille/gitea/project-effective-scala-c1-s14-3039-4085/project[0m
2023.12.06 17:12:42 INFO  [success] Generated .bloop/project-effective-scala-c1-s14-3039-4085-build.json[0m
2023.12.06 17:12:42 INFO  [success] Total time: 1 s, completed Dec 6, 2023, 5:12:42 PM[0m
2023.12.06 17:12:42 INFO  [info] loading settings for project project-effective-scala-c1-s14-3039-4085 from build.sbt ...[0m
2023.12.06 17:12:42 INFO  [info] set current project to myScala3Project (in build file:/home/bsoleille/gitea/project-effective-scala-c1-s14-3039-4085/)[0m
2023.12.06 17:12:42 INFO  [success] Generated .bloop/project-effective-scala-c1-s14-3039-4085.json[0m
2023.12.06 17:12:42 INFO  [success] Generated .bloop/project-effective-scala-c1-s14-3039-4085-test.json[0m
2023.12.06 17:12:42 INFO  [success] Total time: 1 s, completed Dec 6, 2023, 5:12:43 PM[0m
2023.12.06 17:12:43 INFO  time: ran 'sbt bloopInstall' in 5.84s[0m
2023.12.06 17:12:43 INFO  Disconnecting from Bloop session...[0m
2023.12.06 17:12:43 INFO  Shut down connection with build server.[0m
2023.12.06 17:12:43 INFO  Shut down connection with build server.[0m
2023.12.06 17:12:43 INFO  Attempting to connect to the build server...[0m
2023.12.06 17:12:43 INFO  Bloop uses /home/bsoleille/.cache/coursier/arc/https/github.com/adoptium/temurin11-binaries/releases/download/jdk-11.0.20%252B8/OpenJDK11U-jdk_x64_linux_hotspot_11.0.20_8.tar.gz/jdk-11.0.20+8 defined at /home/bsoleille/.bloop/bloop.json[0m
2023.12.06 17:12:43 INFO  tracing is disabled for protocol BSP, to enable tracing of incoming and outgoing JSON messages create an empty file at /home/bsoleille/gitea/project-effective-scala-c1-s14-3039-4085/.metals/bsp.trace.json or /home/bsoleille/.cache/metals/bsp.trace.json[0m
2023.12.06 17:12:43 INFO  Attempting to connect to the build server...[0m
2023.12.06 17:12:43 INFO  Bloop uses /home/bsoleille/.cache/coursier/arc/https/github.com/adoptium/temurin11-binaries/releases/download/jdk-11.0.20%252B8/OpenJDK11U-jdk_x64_linux_hotspot_11.0.20_8.tar.gz/jdk-11.0.20+8 defined at /home/bsoleille/.bloop/bloop.json[0m
2023.12.06 17:12:43 INFO  tracing is disabled for protocol BSP, to enable tracing of incoming and outgoing JSON messages create an empty file at /home/bsoleille/gitea/project-effective-scala-c1-s14-3039-4085/project/.metals/bsp.trace.json or /home/bsoleille/.cache/metals/bsp.trace.json[0m
2023.12.06 17:12:43 INFO  time: Connected to build server in 0.12s[0m
2023.12.06 17:12:43 INFO  Connected to Build server: Bloop v1.5.11[0m
2023.12.06 17:12:45 INFO  time: indexed workspace in 1.38s[0m
2023.12.06 17:13:30 INFO  tracing is disabled for protocol dap-server, to enable tracing of incoming and outgoing JSON messages create an empty file at /home/bsoleille/gitea/project-effective-scala-c1-s14-3039-4085/.metals/dap-server.trace.json or /home/bsoleille/.cache/metals/dap-server.trace.json[0m
2023.12.06 17:13:30 INFO  tracing is disabled for protocol dap-client, to enable tracing of incoming and outgoing JSON messages create an empty file at /home/bsoleille/gitea/project-effective-scala-c1-s14-3039-4085/.metals/dap-client.trace.json or /home/bsoleille/.cache/metals/dap-client.trace.json[0m
2023.12.06 17:13:30 INFO  Starting debug proxy for [app.RoutesMain][0m
2023.12.06 17:13:31 INFO  Loaded expression compiler in 536 milliseconds[0m
2023.12.06 17:13:31 INFO  /home/bsoleille/.cache/coursier/v1/https/repo1.maven.org/maven2/ch/epfl/scala/scala-debug-step-filter_3/3.1.4/scala-debug-step-filter_3-3.1.4.jar[0m
2023.12.06 17:13:31 INFO  /home/bsoleille/.cache/coursier/v1/https/repo1.maven.org/maven2/org/scala-lang/tasty-core_3/3.3.1/tasty-core_3-3.3.1.jar[0m
2023.12.06 17:13:31 INFO  /home/bsoleille/.cache/coursier/v1/https/repo1.maven.org/maven2/org/scala-lang/scala3-library_3/3.3.1/scala3-library_3-3.3.1.jar[0m
2023.12.06 17:13:31 INFO  /home/bsoleille/.cache/coursier/v1/https/repo1.maven.org/maven2/ch/epfl/scala/tasty-query_3/0.8.4/tasty-query_3-0.8.4.jar[0m
2023.12.06 17:13:31 INFO  /home/bsoleille/.cache/coursier/v1/https/repo1.maven.org/maven2/org/scala-lang/scala-library/2.13.10/scala-library-2.13.10.jar[0m
2023.12.06 17:13:31 INFO  Loaded step filter in 24 milliseconds[0m
2023.12.06 17:13:32 INFO  Loaded all sources and classes in 1 second[0m
2023.12.06 17:13:35 INFO  Trying to attach to remote debuggee VM localhost:41683 .[0m
2023.12.06 17:13:35 INFO  Attaching to debuggee VM succeeded.[0m
2023.12.06 17:13:35 ERROR 23/12/06 17:13:36 WARN Utils: Your hostname, CN3126CH011005 resolves to a loopback address: 127.0.1.1; using 10.25.86.80 instead (on interface enp0s31f6)[0m
2023.12.06 17:13:35 ERROR 23/12/06 17:13:36 WARN Utils: Set SPARK_LOCAL_IP if you need to bind to another address[0m
2023.12.06 17:13:36 ERROR 23/12/06 17:13:36 INFO SparkContext: Running Spark version 3.5.0[0m
2023.12.06 17:13:36 ERROR 23/12/06 17:13:36 INFO SparkContext: OS info Linux, 6.2.0-37-generic, amd64[0m
2023.12.06 17:13:36 ERROR 23/12/06 17:13:36 INFO SparkContext: Java version 11.0.20[0m
2023.12.06 17:13:36 ERROR 23/12/06 17:13:36 WARN NativeCodeLoader: Unable to load native-hadoop library for your platform... using builtin-java classes where applicable[0m
2023.12.06 17:13:36 ERROR WARNING: An illegal reflective access operation has occurred[0m
2023.12.06 17:13:36 ERROR WARNING: Illegal reflective access by org.apache.spark.unsafe.Platform (file:/home/bsoleille/.cache/coursier/v1/https/repo1.maven.org/maven2/org/apache/spark/spark-unsafe_2.13/3.5.0/spark-unsafe_2.13-3.5.0.jar) to constructor java.nio.DirectByteBuffer(long,int)[0m
2023.12.06 17:13:36 ERROR WARNING: Please consider reporting this to the maintainers of org.apache.spark.unsafe.Platform[0m
2023.12.06 17:13:36 ERROR WARNING: Use --illegal-access=warn to enable warnings of further illegal reflective access operations[0m
2023.12.06 17:13:36 ERROR WARNING: All illegal access operations will be denied in a future release[0m
2023.12.06 17:15:11 INFO  Canceling debug proxy for [app.RoutesMain][0m
2023.12.06 17:15:11 INFO  Closing debug server tcp://0.0.0.0:45553[0m
2023.12.06 17:15:25 INFO  tracing is disabled for protocol dap-server, to enable tracing of incoming and outgoing JSON messages create an empty file at /home/bsoleille/gitea/project-effective-scala-c1-s14-3039-4085/.metals/dap-server.trace.json or /home/bsoleille/.cache/metals/dap-server.trace.json[0m
2023.12.06 17:15:25 INFO  tracing is disabled for protocol dap-client, to enable tracing of incoming and outgoing JSON messages create an empty file at /home/bsoleille/gitea/project-effective-scala-c1-s14-3039-4085/.metals/dap-client.trace.json or /home/bsoleille/.cache/metals/dap-client.trace.json[0m
2023.12.06 17:15:25 INFO  Starting debug proxy for [app.RoutesMain][0m
2023.12.06 17:15:25 INFO  Loaded expression compiler in 2 milliseconds[0m
2023.12.06 17:15:25 INFO  Loaded step filter in 0 milliseconds[0m
2023.12.06 17:15:26 INFO  Loaded all sources and classes in 1 second[0m
2023.12.06 17:15:28 INFO  Trying to attach to remote debuggee VM localhost:53719 .[0m
2023.12.06 17:15:28 INFO  Attaching to debuggee VM succeeded.[0m
2023.12.06 17:15:28 ERROR 23/12/06 17:15:29 WARN Utils: Your hostname, CN3126CH011005 resolves to a loopback address: 127.0.1.1; using 10.25.86.80 instead (on interface enp0s31f6)[0m
2023.12.06 17:15:28 ERROR 23/12/06 17:15:29 WARN Utils: Set SPARK_LOCAL_IP if you need to bind to another address[0m
2023.12.06 17:15:28 ERROR 23/12/06 17:15:29 INFO SparkContext: Running Spark version 3.5.0[0m
2023.12.06 17:15:28 ERROR 23/12/06 17:15:29 INFO SparkContext: OS info Linux, 6.2.0-37-generic, amd64[0m
2023.12.06 17:15:28 ERROR 23/12/06 17:15:29 INFO SparkContext: Java version 11.0.20[0m
2023.12.06 17:15:29 ERROR 23/12/06 17:15:29 WARN NativeCodeLoader: Unable to load native-hadoop library for your platform... using builtin-java classes where applicable[0m
2023.12.06 17:15:29 ERROR WARNING: An illegal reflective access operation has occurred[0m
2023.12.06 17:15:29 ERROR WARNING: Illegal reflective access by org.apache.spark.unsafe.Platform (file:/home/bsoleille/.cache/coursier/v1/https/repo1.maven.org/maven2/org/apache/spark/spark-unsafe_2.13/3.5.0/spark-unsafe_2.13-3.5.0.jar) to constructor java.nio.DirectByteBuffer(long,int)[0m
2023.12.06 17:15:29 ERROR WARNING: Please consider reporting this to the maintainers of org.apache.spark.unsafe.Platform[0m
2023.12.06 17:15:29 ERROR WARNING: Use --illegal-access=warn to enable warnings of further illegal reflective access operations[0m
2023.12.06 17:15:29 ERROR WARNING: All illegal access operations will be denied in a future release[0m
2023.12.06 17:22:11 INFO  Canceling debug proxy for [app.RoutesMain][0m
2023.12.06 17:22:11 INFO  Closing debug server tcp://0.0.0.0:34533[0m
2023.12.06 17:24:55 INFO  Disconnecting from Bloop session...[0m
2023.12.06 17:24:55 INFO  Shut down connection with build server.[0m
2023.12.06 17:24:55 INFO  Shut down connection with build server.[0m
2023.12.06 17:24:55 INFO  Deleted directories inside .bloop[0m
2023.12.06 17:24:55 INFO  Attempting to connect to the build server...[0m
2023.12.06 17:24:55 INFO  Bloop uses /home/bsoleille/.cache/coursier/arc/https/github.com/adoptium/temurin11-binaries/releases/download/jdk-11.0.20%252B8/OpenJDK11U-jdk_x64_linux_hotspot_11.0.20_8.tar.gz/jdk-11.0.20+8 defined at /home/bsoleille/.bloop/bloop.json[0m
2023.12.06 17:24:55 INFO  tracing is disabled for protocol BSP, to enable tracing of incoming and outgoing JSON messages create an empty file at /home/bsoleille/gitea/project-effective-scala-c1-s14-3039-4085/.metals/bsp.trace.json or /home/bsoleille/.cache/metals/bsp.trace.json[0m
2023.12.06 17:24:56 INFO  Attempting to connect to the build server...[0m
2023.12.06 17:24:56 INFO  Bloop uses /home/bsoleille/.cache/coursier/arc/https/github.com/adoptium/temurin11-binaries/releases/download/jdk-11.0.20%252B8/OpenJDK11U-jdk_x64_linux_hotspot_11.0.20_8.tar.gz/jdk-11.0.20+8 defined at /home/bsoleille/.bloop/bloop.json[0m
2023.12.06 17:24:56 INFO  tracing is disabled for protocol BSP, to enable tracing of incoming and outgoing JSON messages create an empty file at /home/bsoleille/gitea/project-effective-scala-c1-s14-3039-4085/project/.metals/bsp.trace.json or /home/bsoleille/.cache/metals/bsp.trace.json[0m
2023.12.06 17:24:56 INFO  time: Connected to build server in 1.09s[0m
2023.12.06 17:24:56 INFO  Connected to Build server: Bloop v1.5.11[0m
2023.12.06 17:24:58 INFO  time: indexed workspace in 1.16s[0m
2023.12.06 17:24:58 INFO  compiling project-effective-scala-c1-s14-3039-4085 (7 scala sources)[0m
2023.12.06 17:25:04 INFO  compiling project-effective-scala-c1-s14-3039-4085-test (7 scala sources)[0m
2023.12.06 17:25:04 INFO  time: compiled project-effective-scala-c1-s14-3039-4085 in 6.02s[0m
2023.12.06 17:25:04 INFO  time: compiled project-effective-scala-c1-s14-3039-4085-test in 0.9s[0m
2023.12.06 17:26:47 INFO  tracing is disabled for protocol dap-server, to enable tracing of incoming and outgoing JSON messages create an empty file at /home/bsoleille/gitea/project-effective-scala-c1-s14-3039-4085/.metals/dap-server.trace.json or /home/bsoleille/.cache/metals/dap-server.trace.json[0m
2023.12.06 17:26:47 INFO  tracing is disabled for protocol dap-client, to enable tracing of incoming and outgoing JSON messages create an empty file at /home/bsoleille/gitea/project-effective-scala-c1-s14-3039-4085/.metals/dap-client.trace.json or /home/bsoleille/.cache/metals/dap-client.trace.json[0m
2023.12.06 17:26:47 INFO  Starting debug proxy for [app.RoutesMain][0m
2023.12.06 17:26:48 INFO  Loaded expression compiler in 465 milliseconds[0m
2023.12.06 17:26:48 INFO  /home/bsoleille/.cache/coursier/v1/https/repo1.maven.org/maven2/ch/epfl/scala/scala-debug-step-filter_3/3.1.4/scala-debug-step-filter_3-3.1.4.jar[0m
2023.12.06 17:26:48 INFO  /home/bsoleille/.cache/coursier/v1/https/repo1.maven.org/maven2/org/scala-lang/tasty-core_3/3.3.1/tasty-core_3-3.3.1.jar[0m
2023.12.06 17:26:48 INFO  /home/bsoleille/.cache/coursier/v1/https/repo1.maven.org/maven2/org/scala-lang/scala3-library_3/3.3.1/scala3-library_3-3.3.1.jar[0m
2023.12.06 17:26:48 INFO  /home/bsoleille/.cache/coursier/v1/https/repo1.maven.org/maven2/ch/epfl/scala/tasty-query_3/0.8.4/tasty-query_3-0.8.4.jar[0m
2023.12.06 17:26:48 INFO  /home/bsoleille/.cache/coursier/v1/https/repo1.maven.org/maven2/org/scala-lang/scala-library/2.13.10/scala-library-2.13.10.jar[0m
2023.12.06 17:26:48 INFO  Loaded step filter in 22 milliseconds[0m
2023.12.06 17:26:49 INFO  Loaded all sources and classes in 1 second[0m
2023.12.06 17:26:52 INFO  Trying to attach to remote debuggee VM localhost:42051 .[0m
2023.12.06 17:26:52 INFO  Attaching to debuggee VM succeeded.[0m
2023.12.06 17:26:52 ERROR 23/12/06 17:26:52 WARN Utils: Your hostname, CN3126CH011005 resolves to a loopback address: 127.0.1.1; using 10.25.86.80 instead (on interface enp0s31f6)[0m
2023.12.06 17:26:52 ERROR 23/12/06 17:26:52 WARN Utils: Set SPARK_LOCAL_IP if you need to bind to another address[0m
2023.12.06 17:26:52 ERROR 23/12/06 17:26:52 INFO SparkContext: Running Spark version 3.5.0[0m
2023.12.06 17:26:52 ERROR 23/12/06 17:26:52 INFO SparkContext: OS info Linux, 6.2.0-37-generic, amd64[0m
2023.12.06 17:26:52 ERROR 23/12/06 17:26:52 INFO SparkContext: Java version 11.0.20[0m
2023.12.06 17:26:53 ERROR 23/12/06 17:26:53 WARN NativeCodeLoader: Unable to load native-hadoop library for your platform... using builtin-java classes where applicable[0m
2023.12.06 17:26:53 ERROR WARNING: An illegal reflective access operation has occurred[0m
2023.12.06 17:26:53 ERROR WARNING: Illegal reflective access by org.apache.spark.unsafe.Platform (file:/home/bsoleille/.cache/coursier/v1/https/repo1.maven.org/maven2/org/apache/spark/spark-unsafe_2.13/3.5.0/spark-unsafe_2.13-3.5.0.jar) to constructor java.nio.DirectByteBuffer(long,int)[0m
2023.12.06 17:26:53 ERROR WARNING: Please consider reporting this to the maintainers of org.apache.spark.unsafe.Platform[0m
2023.12.06 17:26:53 ERROR WARNING: Use --illegal-access=warn to enable warnings of further illegal reflective access operations[0m
2023.12.06 17:26:53 ERROR WARNING: All illegal access operations will be denied in a future release[0m
2023.12.06 17:27:40 INFO  Canceling debug proxy for [app.RoutesMain][0m
2023.12.06 17:27:40 INFO  Closing debug server tcp://0.0.0.0:37407[0m
2023.12.06 17:27:54 INFO  tracing is disabled for protocol dap-server, to enable tracing of incoming and outgoing JSON messages create an empty file at /home/bsoleille/gitea/project-effective-scala-c1-s14-3039-4085/.metals/dap-server.trace.json or /home/bsoleille/.cache/metals/dap-server.trace.json[0m
2023.12.06 17:27:54 INFO  tracing is disabled for protocol dap-client, to enable tracing of incoming and outgoing JSON messages create an empty file at /home/bsoleille/gitea/project-effective-scala-c1-s14-3039-4085/.metals/dap-client.trace.json or /home/bsoleille/.cache/metals/dap-client.trace.json[0m
2023.12.06 17:27:54 INFO  Starting debug proxy for [app.RoutesMain][0m
2023.12.06 17:27:54 INFO  Loaded expression compiler in 1 millisecond[0m
2023.12.06 17:27:54 INFO  Loaded step filter in 0 milliseconds[0m
2023.12.06 17:27:54 INFO  Loaded all sources and classes in 957 milliseconds[0m
2023.12.06 17:27:57 INFO  Trying to attach to remote debuggee VM localhost:52977 .[0m
2023.12.06 17:27:57 INFO  Attaching to debuggee VM succeeded.[0m
2023.12.06 17:27:57 ERROR 23/12/06 17:27:57 WARN Utils: Your hostname, CN3126CH011005 resolves to a loopback address: 127.0.1.1; using 10.25.86.80 instead (on interface enp0s31f6)[0m
2023.12.06 17:27:57 ERROR 23/12/06 17:27:57 WARN Utils: Set SPARK_LOCAL_IP if you need to bind to another address[0m
2023.12.06 17:27:57 ERROR 23/12/06 17:27:58 INFO SparkContext: Running Spark version 3.5.0[0m
2023.12.06 17:27:57 ERROR 23/12/06 17:27:58 INFO SparkContext: OS info Linux, 6.2.0-37-generic, amd64[0m
2023.12.06 17:27:57 ERROR 23/12/06 17:27:58 INFO SparkContext: Java version 11.0.20[0m
2023.12.06 17:27:58 ERROR 23/12/06 17:27:58 WARN NativeCodeLoader: Unable to load native-hadoop library for your platform... using builtin-java classes where applicable[0m
2023.12.06 17:27:58 ERROR WARNING: An illegal reflective access operation has occurred[0m
2023.12.06 17:27:58 ERROR WARNING: Illegal reflective access by org.apache.spark.unsafe.Platform (file:/home/bsoleille/.cache/coursier/v1/https/repo1.maven.org/maven2/org/apache/spark/spark-unsafe_2.13/3.5.0/spark-unsafe_2.13-3.5.0.jar) to constructor java.nio.DirectByteBuffer(long,int)[0m
2023.12.06 17:27:58 ERROR WARNING: Please consider reporting this to the maintainers of org.apache.spark.unsafe.Platform[0m
2023.12.06 17:27:58 ERROR WARNING: Use --illegal-access=warn to enable warnings of further illegal reflective access operations[0m
2023.12.06 17:27:58 ERROR WARNING: All illegal access operations will be denied in a future release[0m
2023.12.06 17:33:43 INFO  compiling project-effective-scala-c1-s14-3039-4085 (1 scala source)[0m
2023.12.06 17:33:43 INFO  time: compiled project-effective-scala-c1-s14-3039-4085 in 0.94s[0m
2023.12.06 17:33:50 INFO  compiling project-effective-scala-c1-s14-3039-4085 (1 scala source)[0m
2023.12.06 17:33:51 WARN  Could not load snapshot text for /home/bsoleille/gitea/project-effective-scala-c1-s14-3039-4085/src/main/scala/web/WebServer.scala[0m
2023.12.06 17:33:50 INFO  time: compiled project-effective-scala-c1-s14-3039-4085 in 0.87s[0m
2023.12.06 17:33:52 INFO  compiling project-effective-scala-c1-s14-3039-4085 (1 scala source)[0m
2023.12.06 17:33:52 INFO  time: compiled project-effective-scala-c1-s14-3039-4085 in 0.88s[0m
2023.12.06 17:33:53 INFO  compiling project-effective-scala-c1-s14-3039-4085 (1 scala source)[0m
2023.12.06 17:33:53 INFO  time: compiled project-effective-scala-c1-s14-3039-4085 in 0.28s[0m
2023.12.06 17:33:53 WARN  Could not load snapshot text for /home/bsoleille/gitea/project-effective-scala-c1-s14-3039-4085/src/main/scala/web/WebServer.scala[0m
2023.12.06 17:33:56 WARN  Could not load snapshot text for /home/bsoleille/gitea/project-effective-scala-c1-s14-3039-4085/src/main/scala/web/WebServer.scala[0m
2023.12.06 17:33:56 INFO  compiling project-effective-scala-c1-s14-3039-4085 (1 scala source)[0m
2023.12.06 17:33:56 INFO  time: compiled project-effective-scala-c1-s14-3039-4085 in 0.23s[0m
2023.12.06 17:33:57 WARN  Could not load snapshot text for /home/bsoleille/gitea/project-effective-scala-c1-s14-3039-4085/src/main/scala/web/WebServer.scala[0m
2023.12.06 17:33:59 WARN  Could not load snapshot text for /home/bsoleille/gitea/project-effective-scala-c1-s14-3039-4085/src/main/scala/web/WebServer.scala[0m
2023.12.06 17:33:59 INFO  compiling project-effective-scala-c1-s14-3039-4085 (1 scala source)[0m
2023.12.06 17:34:00 WARN  Could not load snapshot text for /home/bsoleille/gitea/project-effective-scala-c1-s14-3039-4085/src/main/scala/web/WebServer.scala[0m
2023.12.06 17:33:59 INFO  time: compiled project-effective-scala-c1-s14-3039-4085 in 0.68s[0m
2023.12.06 17:34:02 INFO  compiling project-effective-scala-c1-s14-3039-4085 (1 scala source)[0m
2023.12.06 17:34:02 INFO  time: compiled project-effective-scala-c1-s14-3039-4085 in 0.64s[0m
2023.12.06 17:34:11 INFO  compiling project-effective-scala-c1-s14-3039-4085 (1 scala source)[0m
2023.12.06 17:34:11 WARN  Could not load snapshot text for /home/bsoleille/gitea/project-effective-scala-c1-s14-3039-4085/src/main/scala/web/WebServer.scala[0m
2023.12.06 17:34:11 INFO  time: compiled project-effective-scala-c1-s14-3039-4085 in 0.62s[0m
2023.12.06 17:35:02 INFO  Canceling debug proxy for [app.RoutesMain][0m
2023.12.06 17:35:02 INFO  Closing debug server tcp://0.0.0.0:46071[0m
2023.12.06 17:35:25 INFO  tracing is disabled for protocol dap-server, to enable tracing of incoming and outgoing JSON messages create an empty file at /home/bsoleille/gitea/project-effective-scala-c1-s14-3039-4085/.metals/dap-server.trace.json or /home/bsoleille/.cache/metals/dap-server.trace.json[0m
2023.12.06 17:35:25 INFO  tracing is disabled for protocol dap-client, to enable tracing of incoming and outgoing JSON messages create an empty file at /home/bsoleille/gitea/project-effective-scala-c1-s14-3039-4085/.metals/dap-client.trace.json or /home/bsoleille/.cache/metals/dap-client.trace.json[0m
2023.12.06 17:35:25 INFO  Starting debug proxy for [app.RoutesMain][0m
2023.12.06 17:35:25 INFO  Loaded expression compiler in 2 milliseconds[0m
2023.12.06 17:35:25 INFO  Loaded step filter in 0 milliseconds[0m
2023.12.06 17:35:25 INFO  Loaded all sources and classes in 970 milliseconds[0m
2023.12.06 17:35:28 INFO  Trying to attach to remote debuggee VM localhost:38921 .[0m
2023.12.06 17:35:28 INFO  Attaching to debuggee VM succeeded.[0m
2023.12.06 17:35:28 ERROR 23/12/06 17:35:29 WARN Utils: Your hostname, CN3126CH011005 resolves to a loopback address: 127.0.1.1; using 10.25.86.80 instead (on interface enp0s31f6)[0m
2023.12.06 17:35:28 ERROR 23/12/06 17:35:29 WARN Utils: Set SPARK_LOCAL_IP if you need to bind to another address[0m
2023.12.06 17:35:28 ERROR 23/12/06 17:35:29 INFO SparkContext: Running Spark version 3.5.0[0m
2023.12.06 17:35:28 ERROR 23/12/06 17:35:29 INFO SparkContext: OS info Linux, 6.2.0-37-generic, amd64[0m
2023.12.06 17:35:28 ERROR 23/12/06 17:35:29 INFO SparkContext: Java version 11.0.20[0m
2023.12.06 17:35:28 ERROR 23/12/06 17:35:29 WARN NativeCodeLoader: Unable to load native-hadoop library for your platform... using builtin-java classes where applicable[0m
2023.12.06 17:35:30 ERROR WARNING: An illegal reflective access operation has occurred[0m
2023.12.06 17:35:30 ERROR WARNING: Illegal reflective access by org.apache.spark.unsafe.Platform (file:/home/bsoleille/.cache/coursier/v1/https/repo1.maven.org/maven2/org/apache/spark/spark-unsafe_2.13/3.5.0/spark-unsafe_2.13-3.5.0.jar) to constructor java.nio.DirectByteBuffer(long,int)[0m
2023.12.06 17:35:30 ERROR WARNING: Please consider reporting this to the maintainers of org.apache.spark.unsafe.Platform[0m
2023.12.06 17:35:30 ERROR WARNING: Use --illegal-access=warn to enable warnings of further illegal reflective access operations[0m
2023.12.06 17:35:30 ERROR WARNING: All illegal access operations will be denied in a future release[0m
2023.12.06 17:36:01 INFO  Canceling debug proxy for [app.RoutesMain][0m
2023.12.06 17:36:01 INFO  Closing debug server tcp://0.0.0.0:44337[0m
2023.12.06 17:36:23 INFO  tracing is disabled for protocol dap-server, to enable tracing of incoming and outgoing JSON messages create an empty file at /home/bsoleille/gitea/project-effective-scala-c1-s14-3039-4085/.metals/dap-server.trace.json or /home/bsoleille/.cache/metals/dap-server.trace.json[0m
2023.12.06 17:36:23 INFO  tracing is disabled for protocol dap-client, to enable tracing of incoming and outgoing JSON messages create an empty file at /home/bsoleille/gitea/project-effective-scala-c1-s14-3039-4085/.metals/dap-client.trace.json or /home/bsoleille/.cache/metals/dap-client.trace.json[0m
2023.12.06 17:36:23 INFO  Starting debug proxy for [app.RoutesMain][0m
2023.12.06 17:36:23 INFO  Loaded expression compiler in 0 milliseconds[0m
2023.12.06 17:36:23 INFO  Loaded step filter in 0 milliseconds[0m
2023.12.06 17:36:23 INFO  Loaded all sources and classes in 774 milliseconds[0m
2023.12.06 17:36:26 INFO  Trying to attach to remote debuggee VM localhost:59845 .[0m
2023.12.06 17:36:26 INFO  Attaching to debuggee VM succeeded.[0m
2023.12.06 17:36:26 ERROR 23/12/06 17:36:27 WARN Utils: Your hostname, CN3126CH011005 resolves to a loopback address: 127.0.1.1; using 10.25.86.80 instead (on interface enp0s31f6)[0m
2023.12.06 17:36:26 ERROR 23/12/06 17:36:27 WARN Utils: Set SPARK_LOCAL_IP if you need to bind to another address[0m
2023.12.06 17:36:26 ERROR 23/12/06 17:36:27 INFO SparkContext: Running Spark version 3.5.0[0m
2023.12.06 17:36:26 ERROR 23/12/06 17:36:27 INFO SparkContext: OS info Linux, 6.2.0-37-generic, amd64[0m
2023.12.06 17:36:26 ERROR 23/12/06 17:36:27 INFO SparkContext: Java version 11.0.20[0m
2023.12.06 17:36:27 ERROR 23/12/06 17:36:27 WARN NativeCodeLoader: Unable to load native-hadoop library for your platform... using builtin-java classes where applicable[0m
2023.12.06 17:36:27 ERROR WARNING: An illegal reflective access operation has occurred[0m
2023.12.06 17:36:27 ERROR WARNING: Illegal reflective access by org.apache.spark.unsafe.Platform (file:/home/bsoleille/.cache/coursier/v1/https/repo1.maven.org/maven2/org/apache/spark/spark-unsafe_2.13/3.5.0/spark-unsafe_2.13-3.5.0.jar) to constructor java.nio.DirectByteBuffer(long,int)[0m
2023.12.06 17:36:27 ERROR WARNING: Please consider reporting this to the maintainers of org.apache.spark.unsafe.Platform[0m
2023.12.06 17:36:27 ERROR WARNING: Use --illegal-access=warn to enable warnings of further illegal reflective access operations[0m
2023.12.06 17:36:27 ERROR WARNING: All illegal access operations will be denied in a future release[0m
2023.12.06 17:37:42 INFO  Canceling debug proxy for [app.RoutesMain][0m
2023.12.06 17:37:42 INFO  Closing debug server tcp://0.0.0.0:43073[0m
2023.12.06 17:45:28 INFO  compiling project-effective-scala-c1-s14-3039-4085 (1 scala source)[0m
2023.12.06 17:45:28 INFO  time: compiled project-effective-scala-c1-s14-3039-4085 in 0.6s[0m
2023.12.06 17:50:44 INFO  compiling project-effective-scala-c1-s14-3039-4085 (1 scala source)[0m
2023.12.06 17:50:45 WARN  Could not load snapshot text for /home/bsoleille/gitea/project-effective-scala-c1-s14-3039-4085/src/main/scala/web/WebServer.scala[0m
2023.12.06 17:50:44 INFO  time: compiled project-effective-scala-c1-s14-3039-4085 in 0.53s[0m
2023.12.06 17:50:48 INFO  compiling project-effective-scala-c1-s14-3039-4085 (1 scala source)[0m
2023.12.06 17:50:48 INFO  time: compiled project-effective-scala-c1-s14-3039-4085 in 0.57s[0m
2023.12.06 17:50:54 INFO  compiling project-effective-scala-c1-s14-3039-4085 (1 scala source)[0m
2023.12.06 17:50:54 WARN  Could not load snapshot text for /home/bsoleille/gitea/project-effective-scala-c1-s14-3039-4085/src/main/scala/web/WebServer.scala[0m
2023.12.06 17:50:54 INFO  time: compiled project-effective-scala-c1-s14-3039-4085 in 0.5s[0m
2023.12.06 17:51:00 INFO  compiling project-effective-scala-c1-s14-3039-4085 (1 scala source)[0m
2023.12.06 17:51:00 INFO  time: compiled project-effective-scala-c1-s14-3039-4085 in 0.53s[0m
2023.12.06 17:51:04 INFO  compiling project-effective-scala-c1-s14-3039-4085 (1 scala source)[0m
2023.12.06 17:51:04 INFO  time: compiled project-effective-scala-c1-s14-3039-4085 in 0.51s[0m
2023.12.06 17:51:08 INFO  compiling project-effective-scala-c1-s14-3039-4085 (1 scala source)[0m
2023.12.06 17:51:08 INFO  time: compiled project-effective-scala-c1-s14-3039-4085 in 0.58s[0m
2023.12.06 17:51:18 INFO  compiling project-effective-scala-c1-s14-3039-4085 (1 scala source)[0m
2023.12.06 17:51:18 WARN  Could not load snapshot text for /home/bsoleille/gitea/project-effective-scala-c1-s14-3039-4085/src/main/scala/web/WebServer.scala[0m
2023.12.06 17:51:18 INFO  time: compiled project-effective-scala-c1-s14-3039-4085 in 0.51s[0m
2023.12.06 17:51:54 INFO  compiling project-effective-scala-c1-s14-3039-4085 (1 scala source)[0m
2023.12.06 17:51:54 INFO  time: compiled project-effective-scala-c1-s14-3039-4085 in 0.5s[0m
2023.12.06 17:52:05 INFO  compiling project-effective-scala-c1-s14-3039-4085 (1 scala source)[0m
2023.12.06 17:52:05 WARN  Could not load snapshot text for /home/bsoleille/gitea/project-effective-scala-c1-s14-3039-4085/src/main/scala/web/WebServer.scala[0m
2023.12.06 17:52:05 INFO  time: compiled project-effective-scala-c1-s14-3039-4085 in 0.48s[0m
2023.12.06 17:52:20 INFO  compiling project-effective-scala-c1-s14-3039-4085 (1 scala source)[0m
2023.12.06 17:52:20 INFO  time: compiled project-effective-scala-c1-s14-3039-4085 in 0.47s[0m
2023.12.06 17:52:25 INFO  compiling project-effective-scala-c1-s14-3039-4085 (1 scala source)[0m
2023.12.06 17:52:25 INFO  time: compiled project-effective-scala-c1-s14-3039-4085 in 0.48s[0m
2023.12.06 17:52:32 INFO  compiling project-effective-scala-c1-s14-3039-4085 (1 scala source)[0m
2023.12.06 17:52:32 INFO  time: compiled project-effective-scala-c1-s14-3039-4085 in 0.51s[0m
2023.12.06 17:52:35 INFO  compiling project-effective-scala-c1-s14-3039-4085 (1 scala source)[0m
2023.12.06 17:52:36 WARN  Could not load snapshot text for /home/bsoleille/gitea/project-effective-scala-c1-s14-3039-4085/src/main/scala/web/WebServer.scala[0m
2023.12.06 17:52:35 INFO  time: compiled project-effective-scala-c1-s14-3039-4085 in 0.48s[0m
Dec 06, 2023 5:52:37 PM org.eclipse.lsp4j.jsonrpc.RemoteEndpoint handleCancellation
WARNING: Unmatched cancel notification for request id 747
2023.12.06 17:52:43 INFO  compiling project-effective-scala-c1-s14-3039-4085 (1 scala source)[0m
2023.12.06 17:52:43 INFO  time: compiled project-effective-scala-c1-s14-3039-4085 in 0.47s[0m
2023.12.06 17:52:47 INFO  compiling project-effective-scala-c1-s14-3039-4085 (1 scala source)[0m
2023.12.06 17:52:47 INFO  time: compiled project-effective-scala-c1-s14-3039-4085 in 0.51s[0m
2023.12.06 17:52:55 INFO  compiling project-effective-scala-c1-s14-3039-4085 (1 scala source)[0m
2023.12.06 17:52:55 INFO  time: compiled project-effective-scala-c1-s14-3039-4085 in 0.48s[0m
2023.12.06 17:53:48 INFO  compiling project-effective-scala-c1-s14-3039-4085 (1 scala source)[0m
2023.12.06 17:53:48 INFO  time: compiled project-effective-scala-c1-s14-3039-4085 in 0.18s[0m
2023.12.06 17:53:49 WARN  Could not load snapshot text for /home/bsoleille/gitea/project-effective-scala-c1-s14-3039-4085/src/main/scala/web/WebServer.scala[0m
2023.12.06 17:53:53 WARN  Could not load snapshot text for /home/bsoleille/gitea/project-effective-scala-c1-s14-3039-4085/src/main/scala/web/WebServer.scala[0m
2023.12.06 17:53:54 INFO  compiling project-effective-scala-c1-s14-3039-4085 (1 scala source)[0m
2023.12.06 17:53:54 INFO  time: compiled project-effective-scala-c1-s14-3039-4085 in 0.18s[0m
2023.12.06 17:53:55 WARN  Could not load snapshot text for /home/bsoleille/gitea/project-effective-scala-c1-s14-3039-4085/src/main/scala/web/WebServer.scala[0m
2023.12.06 17:56:27 WARN  Could not load snapshot text for /home/bsoleille/gitea/project-effective-scala-c1-s14-3039-4085/src/main/scala/web/WebServer.scala[0m
2023.12.06 17:56:36 WARN  Could not load snapshot text for /home/bsoleille/gitea/project-effective-scala-c1-s14-3039-4085/src/main/scala/web/WebServer.scala[0m
2023.12.06 17:56:37 INFO  compiling project-effective-scala-c1-s14-3039-4085 (1 scala source)[0m
2023.12.06 17:56:37 WARN  Could not load snapshot text for /home/bsoleille/gitea/project-effective-scala-c1-s14-3039-4085/src/main/scala/web/WebServer.scala[0m
2023.12.06 17:56:37 INFO  time: compiled project-effective-scala-c1-s14-3039-4085 in 0.45s[0m
2023.12.06 17:56:38 WARN  Could not load snapshot text for /home/bsoleille/gitea/project-effective-scala-c1-s14-3039-4085/src/main/scala/web/WebServer.scala[0m
2023.12.06 17:57:48 WARN  Could not load snapshot text for /home/bsoleille/gitea/project-effective-scala-c1-s14-3039-4085/src/main/scala/web/WebServer.scala[0m
2023.12.06 17:57:56 WARN  Could not load snapshot text for /home/bsoleille/gitea/project-effective-scala-c1-s14-3039-4085/src/main/scala/web/WebServer.scala[0m
2023.12.06 17:57:57 INFO  compiling project-effective-scala-c1-s14-3039-4085 (1 scala source)[0m
2023.12.06 17:57:57 WARN  Could not load snapshot text for /home/bsoleille/gitea/project-effective-scala-c1-s14-3039-4085/src/main/scala/web/WebServer.scala[0m
2023.12.06 17:57:57 INFO  time: compiled project-effective-scala-c1-s14-3039-4085 in 0.67s[0m
2023.12.06 17:57:58 WARN  Could not load snapshot text for /home/bsoleille/gitea/project-effective-scala-c1-s14-3039-4085/src/main/scala/web/WebServer.scala[0m
2023.12.06 17:58:22 WARN  Could not load snapshot text for /home/bsoleille/gitea/project-effective-scala-c1-s14-3039-4085/src/main/scala/web/WebServer.scala[0m
2023.12.06 17:58:22 INFO  compiling project-effective-scala-c1-s14-3039-4085 (1 scala source)[0m
2023.12.06 17:58:22 INFO  time: compiled project-effective-scala-c1-s14-3039-4085 in 0.18s[0m
2023.12.06 17:58:23 WARN  Could not load snapshot text for /home/bsoleille/gitea/project-effective-scala-c1-s14-3039-4085/src/main/scala/web/WebServer.scala[0m
2023.12.06 17:58:23 WARN  Could not load snapshot text for /home/bsoleille/gitea/project-effective-scala-c1-s14-3039-4085/src/main/scala/web/WebServer.scala[0m
2023.12.06 17:58:24 INFO  compiling project-effective-scala-c1-s14-3039-4085 (1 scala source)[0m
2023.12.06 17:58:24 WARN  Could not load snapshot text for /home/bsoleille/gitea/project-effective-scala-c1-s14-3039-4085/src/main/scala/web/WebServer.scala[0m
2023.12.06 17:58:24 INFO  time: compiled project-effective-scala-c1-s14-3039-4085 in 0.62s[0m
2023.12.06 17:58:25 WARN  Could not load snapshot text for /home/bsoleille/gitea/project-effective-scala-c1-s14-3039-4085/src/main/scala/web/WebServer.scala[0m
2023.12.06 17:59:04 WARN  Could not load snapshot text for /home/bsoleille/gitea/project-effective-scala-c1-s14-3039-4085/src/main/scala/web/WebServer.scala[0m
2023.12.06 17:59:06 WARN  Could not load snapshot text for /home/bsoleille/gitea/project-effective-scala-c1-s14-3039-4085/src/main/scala/web/WebServer.scala[0m
2023.12.06 17:59:07 INFO  compiling project-effective-scala-c1-s14-3039-4085 (1 scala source)[0m
2023.12.06 17:59:07 WARN  Could not load snapshot text for /home/bsoleille/gitea/project-effective-scala-c1-s14-3039-4085/src/main/scala/web/WebServer.scala[0m
2023.12.06 17:59:07 INFO  time: compiled project-effective-scala-c1-s14-3039-4085 in 0.61s[0m
2023.12.06 17:59:08 WARN  Could not load snapshot text for /home/bsoleille/gitea/project-effective-scala-c1-s14-3039-4085/src/main/scala/web/WebServer.scala[0m
2023.12.06 17:59:09 WARN  Could not load snapshot text for /home/bsoleille/gitea/project-effective-scala-c1-s14-3039-4085/src/main/scala/web/WebServer.scala[0m
2023.12.06 17:59:10 WARN  Could not load snapshot text for /home/bsoleille/gitea/project-effective-scala-c1-s14-3039-4085/src/main/scala/web/WebServer.scala[0m
2023.12.06 17:59:10 WARN  Could not load snapshot text for /home/bsoleille/gitea/project-effective-scala-c1-s14-3039-4085/src/main/scala/web/WebServer.scala[0m
2023.12.06 17:59:11 INFO  compiling project-effective-scala-c1-s14-3039-4085 (1 scala source)[0m
2023.12.06 17:59:11 INFO  time: compiled project-effective-scala-c1-s14-3039-4085 in 0.16s[0m
2023.12.06 17:59:12 WARN  Could not load snapshot text for /home/bsoleille/gitea/project-effective-scala-c1-s14-3039-4085/src/main/scala/web/WebServer.scala[0m
2023.12.06 17:59:17 WARN  Could not load snapshot text for /home/bsoleille/gitea/project-effective-scala-c1-s14-3039-4085/src/main/scala/web/WebServer.scala[0m
2023.12.06 17:59:18 INFO  compiling project-effective-scala-c1-s14-3039-4085 (1 scala source)[0m
2023.12.06 17:59:18 WARN  Could not load snapshot text for /home/bsoleille/gitea/project-effective-scala-c1-s14-3039-4085/src/main/scala/web/WebServer.scala[0m
2023.12.06 17:59:18 INFO  time: compiled project-effective-scala-c1-s14-3039-4085 in 0.47s[0m
2023.12.06 17:59:31 INFO  compiling project-effective-scala-c1-s14-3039-4085 (1 scala source)[0m
2023.12.06 17:59:31 INFO  time: compiled project-effective-scala-c1-s14-3039-4085 in 0.17s[0m
2023.12.06 17:59:36 INFO  compiling project-effective-scala-c1-s14-3039-4085 (1 scala source)[0m
2023.12.06 17:59:36 INFO  time: compiled project-effective-scala-c1-s14-3039-4085 in 0.47s[0m
